Using pre-set license
Built from '2022.2/staging' branch; Version is '2022.2.15f1 (30d813e1a2a9) revision 3201043'; Using compiler version '192829333'; Build Type 'Release'
OS: 'Windows 11  (10.0.22000) 64bit CoreSingleLanguage' Language: 'pt' Physical Memory: 14274 MB
BatchMode: 1, IsHumanControllingUs: 0, StartBugReporterOnCrash: 0, Is64bit: 1, IsPro: 1

COMMAND LINE ARGUMENTS:
C:\Program Files\Unity\Hub\Editor\2022.2.15f1\Editor\Unity.exe
-adb2
-batchMode
-noUpm
-name
AssetImportWorker0
-projectPath
C:/Users/werda/OneDrive/Área de Trabalho/4Dream-Unity/Pesadelo-Oculto
-logFile
Logs/AssetImportWorker0.log
-srvPort
58926
Successfully changed project path to: C:/Users/werda/OneDrive/Área de Trabalho/4Dream-Unity/Pesadelo-Oculto
C:/Users/werda/OneDrive/Área de Trabalho/4Dream-Unity/Pesadelo-Oculto
[UnityMemory] Configuration Parameters - Can be set up in boot.config
    "memorysetup-bucket-allocator-granularity=16"
    "memorysetup-bucket-allocator-bucket-count=8"
    "memorysetup-bucket-allocator-block-size=33554432"
    "memorysetup-bucket-allocator-block-count=8"
    "memorysetup-main-allocator-block-size=16777216"
    "memorysetup-thread-allocator-block-size=16777216"
    "memorysetup-gfx-main-allocator-block-size=16777216"
    "memorysetup-gfx-thread-allocator-block-size=16777216"
    "memorysetup-cache-allocator-block-size=4194304"
    "memorysetup-typetree-allocator-block-size=2097152"
    "memorysetup-profiler-bucket-allocator-granularity=16"
    "memorysetup-profiler-bucket-allocator-bucket-count=8"
    "memorysetup-profiler-bucket-allocator-block-size=33554432"
    "memorysetup-profiler-bucket-allocator-block-count=8"
    "memorysetup-profiler-allocator-block-size=16777216"
    "memorysetup-profiler-editor-allocator-block-size=1048576"
    "memorysetup-temp-allocator-size-main=16777216"
    "memorysetup-job-temp-allocator-block-size=2097152"
    "memorysetup-job-temp-allocator-block-size-background=1048576"
    "memorysetup-job-temp-allocator-reduction-small-platforms=262144"
    "memorysetup-temp-allocator-size-background-worker=32768"
    "memorysetup-temp-allocator-size-job-worker=262144"
    "memorysetup-temp-allocator-size-preload-manager=33554432"
    "memorysetup-temp-allocator-size-nav-mesh-worker=65536"
    "memorysetup-temp-allocator-size-audio-worker=65536"
    "memorysetup-temp-allocator-size-cloud-worker=32768"
    "memorysetup-temp-allocator-size-gi-baking-worker=262144"
    "memorysetup-temp-allocator-size-gfx=262144"
Player connection [23344] Host "[IP] 192.168.0.130 [Port] 0 [Flags] 2 [Guid] 2104596678 [EditorId] 2104596678 [Version] 1048832 [Id] WindowsEditor(7,N1909) [Debug] 1 [PackageName] WindowsEditor [ProjectName] Editor" joined multi-casting on [225.0.0.222:54997]...

Player connection [23344] Host "[IP] 192.168.0.130 [Port] 0 [Flags] 2 [Guid] 2104596678 [EditorId] 2104596678 [Version] 1048832 [Id] WindowsEditor(7,N1909) [Debug] 1 [PackageName] WindowsEditor [ProjectName] Editor" joined alternative multi-casting on [225.0.0.222:34997]...

Refreshing native plugins compatible for Editor in 20.29 ms, found 3 plugins.
Preloading 0 native plugins for Editor in 0.00 ms.
Initialize engine version: 2022.2.15f1 (30d813e1a2a9)
[Subsystems] Discovering subsystems at path C:/Program Files/Unity/Hub/Editor/2022.2.15f1/Editor/Data/Resources/UnitySubsystems
[Subsystems] Discovering subsystems at path C:/Users/werda/OneDrive/Área de Trabalho/4Dream-Unity/Pesadelo-Oculto/Assets
GfxDevice: creating device client; threaded=0; jobified=0
Direct3D:
    Version:  Direct3D 11.0 [level 11.1]
    Renderer: Radeon 540X Series (ID=0x6987)
    Vendor:   ATI
    VRAM:     2030 MB
    Driver:   27.20.1028.1
Initialize mono
Mono path[0] = 'C:/Program Files/Unity/Hub/Editor/2022.2.15f1/Editor/Data/Managed'
Mono path[1] = 'C:/Program Files/Unity/Hub/Editor/2022.2.15f1/Editor/Data/MonoBleedingEdge/lib/mono/unityjit-win32'
Mono config path = 'C:/Program Files/Unity/Hub/Editor/2022.2.15f1/Editor/Data/MonoBleedingEdge/etc'
Using monoOptions --debugger-agent=transport=dt_socket,embedding=1,server=y,suspend=n,address=127.0.0.1:56328
Begin MonoManager ReloadAssembly
Registering precompiled unity dll's ...
Register platform support module: C:/Program Files/Unity/Hub/Editor/2022.2.15f1/Editor/Data/PlaybackEngines/WindowsStandaloneSupport/UnityEditor.WindowsStandalone.Extensions.dll
Registered in 0.013992 seconds.
- Loaded All Assemblies, in  0.704 seconds
Native extension for WindowsStandalone target not found
Mono: successfully reloaded assembly
- Finished resetting the current domain, in  0.659 seconds
Domain Reload Profiling:
	ReloadAssembly (416ms)
		BeginReloadAssembly (171ms)
			ExecutionOrderSort (0ms)
			DisableScriptedObjects (0ms)
			BackupInstance (0ms)
			ReleaseScriptingObjects (0ms)
			CreateAndSetChildDomain (1ms)
		LoadAllAssembliesAndSetupDomain (0ms)
			LoadAssemblies (167ms)
			RebuildTransferFunctionScriptingTraits (0ms)
			SetupTypeCache (267ms)
				TypeCache.Initialize (265ms)
					TypeCache.ScanAssembly (262ms)
				ResolveRequiredComponents (1ms)
		FinalizeReload (0ms)
			ReleaseScriptCaches (0ms)
			RebuildScriptCaches (0ms)
			SetupLoadedEditorAssemblies (532ms)
				LogAssemblyErrors (0ms)
				InitializePlatformSupportModulesInManaged (19ms)
				SetLoadedEditorAssemblies (16ms)
				RefreshPlugins (0ms)
				BeforeProcessingInitializeOnLoad (3ms)
				ProcessInitializeOnLoadAttributes (381ms)
				ProcessInitializeOnLoadMethodAttributes (114ms)
				AfterProcessingInitializeOnLoad (0ms)
				EditorAssembliesLoaded (0ms)
			ExecutionOrderSort2 (0ms)
			AwakeInstancesAfterBackupRestoration (0ms)
========================================================================
Worker process is ready to serve import requests
Begin MonoManager ReloadAssembly
Symbol file LoadedFromMemory doesn't match image C:\Users\werda\OneDrive\Área de Trabalho\4Dream-Unity\Pesadelo-Oculto\Library\PackageCache\com.unity.visualscripting@1.8.0\Editor\VisualScripting.Core\Dependencies\YamlDotNet\Unity.VisualScripting.YamlDotNet.dll
Symbol file LoadedFromMemory doesn't match image C:\Users\werda\OneDrive\Área de Trabalho\4Dream-Unity\Pesadelo-Oculto\Library\PackageCache\com.unity.visualscripting@1.8.0\Editor\VisualScripting.Core\Dependencies\DotNetZip\Unity.VisualScripting.IonicZip.dll
- Loaded All Assemblies, in  1.539 seconds
Refreshing native plugins compatible for Editor in 9.12 ms, found 3 plugins.
Native extension for WindowsStandalone target not found
Mono: successfully reloaded assembly
- Finished resetting the current domain, in  1.109 seconds
Domain Reload Profiling:
	ReloadAssembly (478ms)
		BeginReloadAssembly (276ms)
			ExecutionOrderSort (0ms)
			DisableScriptedObjects (14ms)
			BackupInstance (0ms)
			ReleaseScriptingObjects (0ms)
			CreateAndSetChildDomain (39ms)
		LoadAllAssembliesAndSetupDomain (1056ms)
			LoadAssemblies (507ms)
			RebuildTransferFunctionScriptingTraits (0ms)
			SetupTypeCache (668ms)
				TypeCache.Initialize (627ms)
					TypeCache.ScanAssembly (615ms)
				ResolveRequiredComponents (10ms)
		FinalizeReload (0ms)
			ReleaseScriptCaches (0ms)
			RebuildScriptCaches (0ms)
			SetupLoadedEditorAssemblies (786ms)
				LogAssemblyErrors (0ms)
				InitializePlatformSupportModulesInManaged (13ms)
				SetLoadedEditorAssemblies (7ms)
				RefreshPlugins (0ms)
				BeforeProcessingInitializeOnLoad (122ms)
				ProcessInitializeOnLoadAttributes (580ms)
				ProcessInitializeOnLoadMethodAttributes (50ms)
				AfterProcessingInitializeOnLoad (14ms)
				EditorAssembliesLoaded (0ms)
			ExecutionOrderSort2 (0ms)
			AwakeInstancesAfterBackupRestoration (13ms)
Launched and connected shader compiler UnityShaderCompiler.exe after 0.07 seconds
Refreshing native plugins compatible for Editor in 9.54 ms, found 3 plugins.
Preloading 0 native plugins for Editor in 0.00 ms.
Unloading 3205 Unused Serialized files (Serialized files now loaded: 0)
Unloading 43 unused Assets / (1.3 MB). Loaded Objects now: 3657.
Memory consumption went from 121.6 MB to 120.3 MB.
Total: 7.597700 ms (FindLiveObjects: 0.441900 ms CreateObjectMapping: 0.460100 ms MarkObjects: 6.047400 ms  DeleteObjects: 0.646600 ms)

AssetImportParameters requested are different than current active one (requested -> active):
  custom:container-demuxer-ogg: 62fdf1f143b41e24485cea50d1cbac27 -> 
  custom:video-decoder-ogg-theora: a1e56fd34408186e4bbccfd4996cb3dc -> 
  custom:framework-win-MediaFoundation: 216162199b28c13a410421893ffa2e32 -> 
  custom:container-demuxer-webm: 4f35f7cbe854078d1ac9338744f61a02 -> 
  custom:container-muxer-webm: aa71ff27fc2769a1b78a27578f13a17b -> 
  custom:video-decoder-webm-vp8: 9c59270c3fd7afecdb556c50c9e8de78 -> 
  custom:AudioImporter_EditorPlatform: d09bf68614088b80899f8185d706f6e7 -> 
  custom:video-encoder-webm-vp8: eb34c28f22e8b96e1ab97ce403110664 -> 
  custom:audio-decoder-ogg-vorbis: bf7c407c2cedff20999df2af8eb42d56 -> 
  custom:audio-encoder-webm-vorbis: bf7c407c2cedff20999df2af8eb42d56 -> 
========================================================================
Received Import Request.
  Time since last request: 760796.996583 seconds.
  path: Assets/EvolveGames
  artifactKey: Guid(4292ad43ba7e10246aeeb158b9e14a83) Importer(815301076,1909f56bfc062723c751e8b465ee728b)
Start importing Assets/EvolveGames using Guid(4292ad43ba7e10246aeeb158b9e14a83) Importer(815301076,1909f56bfc062723c751e8b465ee728b)  -> (artifact id: 'b640a8d19a37a9799728b5a03b03d75f') in 0.003277 seconds
Number of updated asset objects reloaded before import = 0
Number of asset objects unloaded after import = 0
========================================================================
Received Prepare
Begin MonoManager ReloadAssembly
Symbol file LoadedFromMemory doesn't match image C:\Users\werda\OneDrive\Área de Trabalho\4Dream-Unity\Pesadelo-Oculto\Library\PackageCache\com.unity.visualscripting@1.8.0\Editor\VisualScripting.Core\Dependencies\YamlDotNet\Unity.VisualScripting.YamlDotNet.dll
Symbol file LoadedFromMemory doesn't match image C:\Users\werda\OneDrive\Área de Trabalho\4Dream-Unity\Pesadelo-Oculto\Library\PackageCache\com.unity.visualscripting@1.8.0\Editor\VisualScripting.Core\Dependencies\DotNetZip\Unity.VisualScripting.IonicZip.dll
- Loaded All Assemblies, in  1.195 seconds
Refreshing native plugins compatible for Editor in 7.42 ms, found 3 plugins.
Native extension for WindowsStandalone target not found
Mono: successfully reloaded assembly
- Finished resetting the current domain, in  1.658 seconds
Domain Reload Profiling:
	ReloadAssembly (412ms)
		BeginReloadAssembly (252ms)
			ExecutionOrderSort (0ms)
			DisableScriptedObjects (11ms)
			BackupInstance (0ms)
			ReleaseScriptingObjects (0ms)
			CreateAndSetChildDomain (58ms)
		LoadAllAssembliesAndSetupDomain (777ms)
			LoadAssemblies (414ms)
			RebuildTransferFunctionScriptingTraits (0ms)
			SetupTypeCache (483ms)
				TypeCache.Initialize (473ms)
					TypeCache.ScanAssembly (463ms)
				ResolveRequiredComponents (9ms)
		FinalizeReload (0ms)
			ReleaseScriptCaches (0ms)
			RebuildScriptCaches (0ms)
			SetupLoadedEditorAssemblies (743ms)
				LogAssemblyErrors (0ms)
				InitializePlatformSupportModulesInManaged (14ms)
				SetLoadedEditorAssemblies (7ms)
				RefreshPlugins (0ms)
				BeforeProcessingInitializeOnLoad (124ms)
				ProcessInitializeOnLoadAttributes (533ms)
				ProcessInitializeOnLoadMethodAttributes (48ms)
				AfterProcessingInitializeOnLoad (16ms)
				EditorAssembliesLoaded (0ms)
			ExecutionOrderSort2 (0ms)
			AwakeInstancesAfterBackupRestoration (15ms)
Refreshing native plugins compatible for Editor in 7.86 ms, found 3 plugins.
Preloading 0 native plugins for Editor in 0.00 ms.
Unloading 3170 Unused Serialized files (Serialized files now loaded: 0)
Unloading 34 unused Assets / (1.3 MB). Loaded Objects now: 3660.
Memory consumption went from 114.0 MB to 112.8 MB.
Total: 5.887900 ms (FindLiveObjects: 0.378000 ms CreateObjectMapping: 0.153200 ms MarkObjects: 4.859200 ms  DeleteObjects: 0.495900 ms)

Prepare: number of updated asset objects reloaded= 0
AssetImportParameters requested are different than current active one (requested -> active):
  custom:container-demuxer-ogg: 62fdf1f143b41e24485cea50d1cbac27 -> 
  custom:video-decoder-ogg-theora: a1e56fd34408186e4bbccfd4996cb3dc -> 
  custom:framework-win-MediaFoundation: 216162199b28c13a410421893ffa2e32 -> 
  custom:container-demuxer-webm: 4f35f7cbe854078d1ac9338744f61a02 -> 
  custom:container-muxer-webm: aa71ff27fc2769a1b78a27578f13a17b -> 
  custom:video-decoder-webm-vp8: 9c59270c3fd7afecdb556c50c9e8de78 -> 
  custom:AudioImporter_EditorPlatform: d09bf68614088b80899f8185d706f6e7 -> 
  custom:video-encoder-webm-vp8: eb34c28f22e8b96e1ab97ce403110664 -> 
  custom:audio-decoder-ogg-vorbis: bf7c407c2cedff20999df2af8eb42d56 -> 
  custom:audio-encoder-webm-vorbis: bf7c407c2cedff20999df2af8eb42d56 -> 
========================================================================
Received Import Request.
  Time since last request: 33.532760 seconds.
  path: Assets/EvolveGames/RealisticFPSController/PostProcessing
  artifactKey: Guid(a63494cd860ab1f478133b8132946fcc) Importer(815301076,1909f56bfc062723c751e8b465ee728b)
Start importing Assets/EvolveGames/RealisticFPSController/PostProcessing using Guid(a63494cd860ab1f478133b8132946fcc) Importer(815301076,1909f56bfc062723c751e8b465ee728b)  -> (artifact id: '544032bca5295f3167aa1a1b39e75be5') in 0.002841 seconds
Number of updated asset objects reloaded before import = 0
Number of asset objects unloaded after import = 0
========================================================================
Received Import Request.
  Time since last request: 0.054153 seconds.
  path: Assets/EvolveGames/RealisticFPSController/PostProcessing/HIGH.asset
  artifactKey: Guid(6f851e013852fd048acf384de045106e) Importer(815301076,1909f56bfc062723c751e8b465ee728b)
Start importing Assets/EvolveGames/RealisticFPSController/PostProcessing/HIGH.asset using Guid(6f851e013852fd048acf384de045106e) Importer(815301076,1909f56bfc062723c751e8b465ee728b)  -> (artifact id: '1168713141e448e7890eacf01e9dbcb1') in 0.060903 seconds
Number of updated asset objects reloaded before import = 0
Number of asset objects unloaded after import = 12
========================================================================
Received Import Request.
  Time since last request: 0.000048 seconds.
  path: Assets/EvolveGames/RealisticFPSController/PostProcessing/PostProcessing.prefab
  artifactKey: Guid(58082e4c7803d4249817092686a5dc41) Importer(815301076,1909f56bfc062723c751e8b465ee728b)
Start importing Assets/EvolveGames/RealisticFPSController/PostProcessing/PostProcessing.prefab using Guid(58082e4c7803d4249817092686a5dc41) Importer(815301076,1909f56bfc062723c751e8b465ee728b)  -> (artifact id: '8f1559e63bb97dda9a1ffa553b49bc6e') in 0.042694 seconds
Number of updated asset objects reloaded before import = 0
Number of asset objects unloaded after import = 17
========================================================================
Received Import Request.
  Time since last request: 15.098224 seconds.
  path: Assets/EvolveGames/RealisticFPSController/PostProcessing/GameLighting.lighting
  artifactKey: Guid(e781091a21b40c140ab23feb9d182fe8) Importer(815301076,1909f56bfc062723c751e8b465ee728b)
Start importing Assets/EvolveGames/RealisticFPSController/PostProcessing/GameLighting.lighting using Guid(e781091a21b40c140ab23feb9d182fe8) Importer(815301076,1909f56bfc062723c751e8b465ee728b)  -> (artifact id: '58ea9c81a07f0fa285f3561eaad534c8') in 0.001755 seconds
Number of updated asset objects reloaded before import = 0
Number of asset objects unloaded after import = 1
========================================================================
Received Prepare
Begin MonoManager ReloadAssembly
Symbol file LoadedFromMemory doesn't match image C:\Users\werda\OneDrive\Área de Trabalho\4Dream-Unity\Pesadelo-Oculto\Library\PackageCache\com.unity.visualscripting@1.8.0\Editor\VisualScripting.Core\Dependencies\YamlDotNet\Unity.VisualScripting.YamlDotNet.dll
Symbol file LoadedFromMemory doesn't match image C:\Users\werda\OneDrive\Área de Trabalho\4Dream-Unity\Pesadelo-Oculto\Library\PackageCache\com.unity.visualscripting@1.8.0\Editor\VisualScripting.Core\Dependencies\DotNetZip\Unity.VisualScripting.IonicZip.dll
- Loaded All Assemblies, in  1.253 seconds
Refreshing native plugins compatible for Editor in 6.00 ms, found 3 plugins.
Native extension for WindowsStandalone target not found
Mono: successfully reloaded assembly
- Finished resetting the current domain, in  1.876 seconds
Domain Reload Profiling:
	ReloadAssembly (362ms)
		BeginReloadAssembly (226ms)
			ExecutionOrderSort (0ms)
			DisableScriptedObjects (8ms)
			BackupInstance (0ms)
			ReleaseScriptingObjects (0ms)
			CreateAndSetChildDomain (65ms)
		LoadAllAssembliesAndSetupDomain (886ms)
			LoadAssemblies (408ms)
			RebuildTransferFunctionScriptingTraits (0ms)
			SetupTypeCache (571ms)
				TypeCache.Initialize (562ms)
					TypeCache.ScanAssembly (552ms)
				ResolveRequiredComponents (8ms)
		FinalizeReload (0ms)
			ReleaseScriptCaches (0ms)
			RebuildScriptCaches (0ms)
			SetupLoadedEditorAssemblies (782ms)
				LogAssemblyErrors (0ms)
				InitializePlatformSupportModulesInManaged (15ms)
				SetLoadedEditorAssemblies (8ms)
				RefreshPlugins (0ms)
				BeforeProcessingInitializeOnLoad (128ms)
				ProcessInitializeOnLoadAttributes (567ms)
				ProcessInitializeOnLoadMethodAttributes (48ms)
				AfterProcessingInitializeOnLoad (15ms)
				EditorAssembliesLoaded (0ms)
			ExecutionOrderSort2 (0ms)
			AwakeInstancesAfterBackupRestoration (15ms)
Refreshing native plugins compatible for Editor in 8.03 ms, found 3 plugins.
Preloading 0 native plugins for Editor in 0.00 ms.
Unloading 3170 Unused Serialized files (Serialized files now loaded: 0)
Unloading 34 unused Assets / (1.3 MB). Loaded Objects now: 3664.
Memory consumption went from 114.1 MB to 112.8 MB.
Total: 5.674200 ms (FindLiveObjects: 0.400900 ms CreateObjectMapping: 0.143700 ms MarkObjects: 4.673700 ms  DeleteObjects: 0.454600 ms)

Prepare: number of updated asset objects reloaded= 0
AssetImportParameters requested are different than current active one (requested -> active):
  custom:container-demuxer-ogg: 62fdf1f143b41e24485cea50d1cbac27 -> 
  custom:video-decoder-ogg-theora: a1e56fd34408186e4bbccfd4996cb3dc -> 
  custom:framework-win-MediaFoundation: 216162199b28c13a410421893ffa2e32 -> 
  custom:container-demuxer-webm: 4f35f7cbe854078d1ac9338744f61a02 -> 
  custom:container-muxer-webm: aa71ff27fc2769a1b78a27578f13a17b -> 
  custom:video-decoder-webm-vp8: 9c59270c3fd7afecdb556c50c9e8de78 -> 
  custom:AudioImporter_EditorPlatform: d09bf68614088b80899f8185d706f6e7 -> 
  custom:video-encoder-webm-vp8: eb34c28f22e8b96e1ab97ce403110664 -> 
  custom:audio-decoder-ogg-vorbis: bf7c407c2cedff20999df2af8eb42d56 -> 
  custom:audio-encoder-webm-vorbis: bf7c407c2cedff20999df2af8eb42d56 -> 
========================================================================
Received Import Request.
  Time since last request: 86.173778 seconds.
  path: Assets/EvolveGames/RealisticFPSController/Documentation.txt
  artifactKey: Guid(ff49d27c96136a54da4a464830957240) Importer(815301076,1909f56bfc062723c751e8b465ee728b)
Start importing Assets/EvolveGames/RealisticFPSController/Documentation.txt using Guid(ff49d27c96136a54da4a464830957240) Importer(815301076,1909f56bfc062723c751e8b465ee728b)  -> (artifact id: '376278a73dbbd4f3ec4461abe2f8ab7b') in 0.011095 seconds
Number of updated asset objects reloaded before import = 0
Number of asset objects unloaded after import = 1
========================================================================
Received Import Request.
  Time since last request: 1.105181 seconds.
  path: Assets/EvolveGames/RealisticFPSController/Scripts
  artifactKey: Guid(df111f7b3c2bd0b468945dc1436818bd) Importer(815301076,1909f56bfc062723c751e8b465ee728b)
Start importing Assets/EvolveGames/RealisticFPSController/Scripts using Guid(df111f7b3c2bd0b468945dc1436818bd) Importer(815301076,1909f56bfc062723c751e8b465ee728b)  -> (artifact id: '85dcc2a36ee5039ae1c5fd474c9c932f') in 0.000766 seconds
Number of updated asset objects reloaded before import = 0
Number of asset objects unloaded after import = 0
========================================================================
Received Import Request.
  Time since last request: 3.586856 seconds.
  path: Assets/EvolveGames/RealisticFPSController/Images
  artifactKey: Guid(1c503f02804af6340998c80a45a1baa2) Importer(815301076,1909f56bfc062723c751e8b465ee728b)
Start importing Assets/EvolveGames/RealisticFPSController/Images using Guid(1c503f02804af6340998c80a45a1baa2) Importer(815301076,1909f56bfc062723c751e8b465ee728b)  -> (artifact id: '7b1b35515d48581e92724694fa6d8aad') in 0.000923 seconds
Number of updated asset objects reloaded before import = 0
Number of asset objects unloaded after import = 0
========================================================================
Received Import Request.
  Time since last request: 4.832066 seconds.
  path: Assets/EvolveGames/RealisticFPSController/Images/ViewpointLOGO.png
  artifactKey: Guid(8a52664197ce5bc46bbf13b04195bbab) Importer(815301076,1909f56bfc062723c751e8b465ee728b)
Start importing Assets/EvolveGames/RealisticFPSController/Images/ViewpointLOGO.png using Guid(8a52664197ce5bc46bbf13b04195bbab) Importer(815301076,1909f56bfc062723c751e8b465ee728b)  -> (artifact id: 'bb132207f7b9dabaf35b58ed7887a1dd') in 0.141524 seconds
Number of updated asset objects reloaded before import = 0
Number of asset objects unloaded after import = 3
========================================================================
Received Import Request.
  Time since last request: 0.811361 seconds.
  path: Assets/EvolveGames/RealisticFPSController/Images/Viewpoint.png
  artifactKey: Guid(1b52a56e9137ae345938dae3bc5f6bd6) Importer(815301076,1909f56bfc062723c751e8b465ee728b)
Start importing Assets/EvolveGames/RealisticFPSController/Images/Viewpoint.png using Guid(1b52a56e9137ae345938dae3bc5f6bd6) Importer(815301076,1909f56bfc062723c751e8b465ee728b)  -> (artifact id: 'c2e26def81080c1cfe4b4d9ee5ede8f9') in 0.022838 seconds
Number of updated asset objects reloaded before import = 0
Number of asset objects unloaded after import = 3
========================================================================
Received Import Request.
  Time since last request: 1.297003 seconds.
  path: Assets/EvolveGames/RealisticFPSController/Images/MENUKey.png
  artifactKey: Guid(203ddc14cb39fa241baa3dac0900cf21) Importer(815301076,1909f56bfc062723c751e8b465ee728b)
Start importing Assets/EvolveGames/RealisticFPSController/Images/MENUKey.png using Guid(203ddc14cb39fa241baa3dac0900cf21) Importer(815301076,1909f56bfc062723c751e8b465ee728b)  -> (artifact id: '98b964aca65b59dc7a648e6d388970f9') in 0.019755 seconds
Number of updated asset objects reloaded before import = 0
Number of asset objects unloaded after import = 3
========================================================================
Received Import Request.
  Time since last request: 0.759729 seconds.
  path: Assets/EvolveGames/RealisticFPSController/Images/crosshair.png
  artifactKey: Guid(9e7a6e4bce21fae4780dc1eddbc7b55c) Importer(815301076,1909f56bfc062723c751e8b465ee728b)
Start importing Assets/EvolveGames/RealisticFPSController/Images/crosshair.png using Guid(9e7a6e4bce21fae4780dc1eddbc7b55c) Importer(815301076,1909f56bfc062723c751e8b465ee728b)  -> (artifact id: '688fb3c8429c2eed60601ba87a42f466') in 0.023155 seconds
Number of updated asset objects reloaded before import = 0
Number of asset objects unloaded after import = 3
========================================================================
Received Import Request.
  Time since last request: 1.216598 seconds.
  path: Assets/EvolveGames/RealisticFPSController/Images/Crosshair 1.png
  artifactKey: Guid(1f92915ba65f282498d74eb0e06ccc18) Importer(815301076,1909f56bfc062723c751e8b465ee728b)
Start importing Assets/EvolveGames/RealisticFPSController/Images/Crosshair 1.png using Guid(1f92915ba65f282498d74eb0e06ccc18) Importer(815301076,1909f56bfc062723c751e8b465ee728b)  -> (artifact id: 'dc982e9adae65f38d9bb0bb24108aef9') in 0.021708 seconds
Number of updated asset objects reloaded before import = 0
Number of asset objects unloaded after import = 3
========================================================================
Received Import Request.
  Time since last request: 0.867207 seconds.
  path: Assets/EvolveGames/RealisticFPSController/Images/Items
  artifactKey: Guid(9d59c1c981c6f894f8953d26741c25fc) Importer(815301076,1909f56bfc062723c751e8b465ee728b)
Start importing Assets/EvolveGames/RealisticFPSController/Images/Items using Guid(9d59c1c981c6f894f8953d26741c25fc) Importer(815301076,1909f56bfc062723c751e8b465ee728b)  -> (artifact id: '3e19b0104ee1a777a2c0b0b744460feb') in 0.000766 seconds
Number of updated asset objects reloaded before import = 0
Number of asset objects unloaded after import = 0
========================================================================
Received Import Request.
  Time since last request: 3.419549 seconds.
  path: Assets/EvolveGames/RealisticFPSController/Animations
  artifactKey: Guid(ece277db3c6348046bcf84e1d1a3f00e) Importer(815301076,1909f56bfc062723c751e8b465ee728b)
Start importing Assets/EvolveGames/RealisticFPSController/Animations using Guid(ece277db3c6348046bcf84e1d1a3f00e) Importer(815301076,1909f56bfc062723c751e8b465ee728b)  -> (artifact id: 'f3360806a83e88c0b69d22aeb752732f') in 0.000946 seconds
Number of updated asset objects reloaded before import = 0
Number of asset objects unloaded after import = 0
========================================================================
Received Import Request.
  Time since last request: 21.994747 seconds.
  path: Assets
  artifactKey: Guid(00000000000000001000000000000000) Importer(815301076,1909f56bfc062723c751e8b465ee728b)
Start importing Assets using Guid(00000000000000001000000000000000) Importer(815301076,1909f56bfc062723c751e8b465ee728b)  -> (artifact id: '8a4fe85251aa2e89732c359432baa2c3') in 0.000712 seconds
Number of updated asset objects reloaded before import = 0
Number of asset objects unloaded after import = 0
========================================================================
Received Import Request.
  Time since last request: 10.828743 seconds.
  path: Assets/Ambiente
  artifactKey: Guid(4cb1876656d8ba74e81988960c035f88) Importer(815301076,1909f56bfc062723c751e8b465ee728b)
Start importing Assets/Ambiente using Guid(4cb1876656d8ba74e81988960c035f88) Importer(815301076,1909f56bfc062723c751e8b465ee728b)  -> (artifact id: 'f4e61239c64cc8d1ad925b1baf093496') in 0.000822 seconds
Number of updated asset objects reloaded before import = 0
Number of asset objects unloaded after import = 0
========================================================================
Received Prepare
Begin MonoManager ReloadAssembly
Symbol file LoadedFromMemory doesn't match image C:\Users\werda\OneDrive\Área de Trabalho\4Dream-Unity\Pesadelo-Oculto\Library\PackageCache\com.unity.visualscripting@1.8.0\Editor\VisualScripting.Core\Dependencies\YamlDotNet\Unity.VisualScripting.YamlDotNet.dll
Symbol file LoadedFromMemory doesn't match image C:\Users\werda\OneDrive\Área de Trabalho\4Dream-Unity\Pesadelo-Oculto\Library\PackageCache\com.unity.visualscripting@1.8.0\Editor\VisualScripting.Core\Dependencies\DotNetZip\Unity.VisualScripting.IonicZip.dll
- Loaded All Assemblies, in  1.198 seconds
Refreshing native plugins compatible for Editor in 5.45 ms, found 3 plugins.
Native extension for WindowsStandalone target not found
Mono: successfully reloaded assembly
- Finished resetting the current domain, in  1.343 seconds
Domain Reload Profiling:
	ReloadAssembly (397ms)
		BeginReloadAssembly (245ms)
			ExecutionOrderSort (0ms)
			DisableScriptedObjects (11ms)
			BackupInstance (0ms)
			ReleaseScriptingObjects (0ms)
			CreateAndSetChildDomain (69ms)
		LoadAllAssembliesAndSetupDomain (795ms)
			LoadAssemblies (408ms)
			RebuildTransferFunctionScriptingTraits (0ms)
			SetupTypeCache (493ms)
				TypeCache.Initialize (486ms)
					TypeCache.ScanAssembly (476ms)
				ResolveRequiredComponents (7ms)
		FinalizeReload (0ms)
			ReleaseScriptCaches (0ms)
			RebuildScriptCaches (0ms)
			SetupLoadedEditorAssemblies (602ms)
				LogAssemblyErrors (0ms)
				InitializePlatformSupportModulesInManaged (10ms)
				SetLoadedEditorAssemblies (5ms)
				RefreshPlugins (0ms)
				BeforeProcessingInitializeOnLoad (95ms)
				ProcessInitializeOnLoadAttributes (442ms)
				ProcessInitializeOnLoadMethodAttributes (35ms)
				AfterProcessingInitializeOnLoad (15ms)
				EditorAssembliesLoaded (0ms)
			ExecutionOrderSort2 (0ms)
			AwakeInstancesAfterBackupRestoration (12ms)
Refreshing native plugins compatible for Editor in 5.52 ms, found 3 plugins.
Preloading 0 native plugins for Editor in 0.00 ms.
Unloading 3170 Unused Serialized files (Serialized files now loaded: 0)
Unloading 34 unused Assets / (1.3 MB). Loaded Objects now: 3678.
Memory consumption went from 118.5 MB to 117.2 MB.
Total: 6.852800 ms (FindLiveObjects: 0.490900 ms CreateObjectMapping: 0.314200 ms MarkObjects: 5.542800 ms  DeleteObjects: 0.503300 ms)

Prepare: number of updated asset objects reloaded= 0
AssetImportParameters requested are different than current active one (requested -> active):
  custom:container-demuxer-ogg: 62fdf1f143b41e24485cea50d1cbac27 -> 
  custom:video-decoder-ogg-theora: a1e56fd34408186e4bbccfd4996cb3dc -> 
  custom:framework-win-MediaFoundation: 216162199b28c13a410421893ffa2e32 -> 
  custom:container-demuxer-webm: 4f35f7cbe854078d1ac9338744f61a02 -> 
  custom:container-muxer-webm: aa71ff27fc2769a1b78a27578f13a17b -> 
  custom:video-decoder-webm-vp8: 9c59270c3fd7afecdb556c50c9e8de78 -> 
  custom:AudioImporter_EditorPlatform: d09bf68614088b80899f8185d706f6e7 -> 
  custom:video-encoder-webm-vp8: eb34c28f22e8b96e1ab97ce403110664 -> 
  custom:audio-decoder-ogg-vorbis: bf7c407c2cedff20999df2af8eb42d56 -> 
  custom:audio-encoder-webm-vorbis: bf7c407c2cedff20999df2af8eb42d56 -> 
========================================================================
Received Import Request.
  Time since last request: 343.955803 seconds.
  path: Assets/Scenes
  artifactKey: Guid(854c860c2c2f97a4ca724deb167ef5f0) Importer(815301076,1909f56bfc062723c751e8b465ee728b)
Start importing Assets/Scenes using Guid(854c860c2c2f97a4ca724deb167ef5f0) Importer(815301076,1909f56bfc062723c751e8b465ee728b)  -> (artifact id: '24eddebd3ee00c64c74080c5ce1b4c87') in 0.002574 seconds
Number of updated asset objects reloaded before import = 0
Number of asset objects unloaded after import = 0
========================================================================
Received Import Request.
  Time since last request: 6.447357 seconds.
  path: Assets/EvolveGames/RealisticFPSController/Animations/NONE.anim
  artifactKey: Guid(4b53ec17f7260a345b0bc0c8cd28212c) Importer(815301076,1909f56bfc062723c751e8b465ee728b)
Start importing Assets/EvolveGames/RealisticFPSController/Animations/NONE.anim using Guid(4b53ec17f7260a345b0bc0c8cd28212c) Importer(815301076,1909f56bfc062723c751e8b465ee728b)  -> (artifact id: '127e8206de44a5ac85460bb5eb81150e') in 0.012906 seconds
Number of updated asset objects reloaded before import = 0
Number of asset objects unloaded after import = 1
========================================================================
Received Import Request.
  Time since last request: 8.158697 seconds.
  path: Assets/EvolveGames/RealisticFPSController/Fonts
  artifactKey: Guid(8e067b2fc201d694b81f094fad407e0a) Importer(815301076,1909f56bfc062723c751e8b465ee728b)
Start importing Assets/EvolveGames/RealisticFPSController/Fonts using Guid(8e067b2fc201d694b81f094fad407e0a) Importer(815301076,1909f56bfc062723c751e8b465ee728b)  -> (artifact id: '8f171044086abe0480a78e4fac2c4c21') in 0.000679 seconds
Number of updated asset objects reloaded before import = 0
Number of asset objects unloaded after import = 0
========================================================================
Received Import Request.
  Time since last request: 2.659356 seconds.
  path: Assets/EvolveGames/RealisticFPSController/Images/Items/Shovel.png
  artifactKey: Guid(cb14d8fdbcfcc7b469ace4f14321bed9) Importer(815301076,1909f56bfc062723c751e8b465ee728b)
Start importing Assets/EvolveGames/RealisticFPSController/Images/Items/Shovel.png using Guid(cb14d8fdbcfcc7b469ace4f14321bed9) Importer(815301076,1909f56bfc062723c751e8b465ee728b)  -> (artifact id: '7a20441dd2f54c72135d5c1ce731bed2') in 0.082930 seconds
Number of updated asset objects reloaded before import = 0
Number of asset objects unloaded after import = 3
========================================================================
Received Import Request.
  Time since last request: 2.926420 seconds.
  path: Assets/EvolveGames/RealisticFPSController/Images/Items/Hammer.png
  artifactKey: Guid(c674667b40c9bf74d87dc888ebfc492b) Importer(815301076,1909f56bfc062723c751e8b465ee728b)
Start importing Assets/EvolveGames/RealisticFPSController/Images/Items/Hammer.png using Guid(c674667b40c9bf74d87dc888ebfc492b) Importer(815301076,1909f56bfc062723c751e8b465ee728b)  -> (artifact id: '4d11203bcdec7e89c9a2149cdd870208') in 0.018990 seconds
Number of updated asset objects reloaded before import = 0
Number of asset objects unloaded after import = 3
========================================================================
Received Import Request.
  Time since last request: 108.169606 seconds.
  path: Assets/EvolveGames/RealisticFPSController/PlayerController.prefab
  artifactKey: Guid(a01c7516e659bdf4b9897ab54df69b69) Importer(815301076,1909f56bfc062723c751e8b465ee728b)
Start importing Assets/EvolveGames/RealisticFPSController/PlayerController.prefab using Guid(a01c7516e659bdf4b9897ab54df69b69) Importer(815301076,1909f56bfc062723c751e8b465ee728b)  -> (artifact id: 'cbe76dd787ef3c2b00b0a4334d89cb9a') in 0.070916 seconds
Number of updated asset objects reloaded before import = 0
Number of asset objects unloaded after import = 193
========================================================================
Received Import Request.
  Time since last request: 1.088402 seconds.
  path: Assets/EvolveGames/RealisticFPSController/PlayerController.prefab
  artifactKey: Guid(a01c7516e659bdf4b9897ab54df69b69) Importer(815301076,1909f56bfc062723c751e8b465ee728b)
Start importing Assets/EvolveGames/RealisticFPSController/PlayerController.prefab using Guid(a01c7516e659bdf4b9897ab54df69b69) Importer(815301076,1909f56bfc062723c751e8b465ee728b)  -> (artifact id: '1f854fcf6fc906ab32c12f9f6bc75db4') in 0.043882 seconds
Number of updated asset objects reloaded before import = 0
Number of asset objects unloaded after import = 193
========================================================================
Received Prepare
Begin MonoManager ReloadAssembly
Symbol file LoadedFromMemory doesn't match image C:\Users\werda\OneDrive\Área de Trabalho\4Dream-Unity\Pesadelo-Oculto\Library\PackageCache\com.unity.visualscripting@1.8.0\Editor\VisualScripting.Core\Dependencies\YamlDotNet\Unity.VisualScripting.YamlDotNet.dll
Symbol file LoadedFromMemory doesn't match image C:\Users\werda\OneDrive\Área de Trabalho\4Dream-Unity\Pesadelo-Oculto\Library\PackageCache\com.unity.visualscripting@1.8.0\Editor\VisualScripting.Core\Dependencies\DotNetZip\Unity.VisualScripting.IonicZip.dll
- Loaded All Assemblies, in  1.194 seconds
Refreshing native plugins compatible for Editor in 9.07 ms, found 3 plugins.
Native extension for WindowsStandalone target not found
Mono: successfully reloaded assembly
- Finished resetting the current domain, in  1.694 seconds
Domain Reload Profiling:
	ReloadAssembly (385ms)
		BeginReloadAssembly (236ms)
			ExecutionOrderSort (0ms)
			DisableScriptedObjects (9ms)
			BackupInstance (0ms)
			ReleaseScriptingObjects (0ms)
			CreateAndSetChildDomain (66ms)
		LoadAllAssembliesAndSetupDomain (804ms)
			LoadAssemblies (409ms)
			RebuildTransferFunctionScriptingTraits (0ms)
			SetupTypeCache (495ms)
				TypeCache.Initialize (486ms)
					TypeCache.ScanAssembly (474ms)
				ResolveRequiredComponents (9ms)
		FinalizeReload (0ms)
			ReleaseScriptCaches (0ms)
			RebuildScriptCaches (0ms)
			SetupLoadedEditorAssemblies (685ms)
				LogAssemblyErrors (0ms)
				InitializePlatformSupportModulesInManaged (20ms)
				SetLoadedEditorAssemblies (10ms)
				RefreshPlugins (0ms)
				BeforeProcessingInitializeOnLoad (137ms)
				ProcessInitializeOnLoadAttributes (463ms)
				ProcessInitializeOnLoadMethodAttributes (40ms)
				AfterProcessingInitializeOnLoad (15ms)
				EditorAssembliesLoaded (0ms)
			ExecutionOrderSort2 (0ms)
			AwakeInstancesAfterBackupRestoration (13ms)
Refreshing native plugins compatible for Editor in 6.12 ms, found 3 plugins.
Preloading 0 native plugins for Editor in 0.00 ms.
Unloading 3170 Unused Serialized files (Serialized files now loaded: 0)
Unloading 34 unused Assets / (1.3 MB). Loaded Objects now: 3681.
Memory consumption went from 118.6 MB to 117.3 MB.
Total: 5.866500 ms (FindLiveObjects: 0.527900 ms CreateObjectMapping: 0.475500 ms MarkObjects: 4.284700 ms  DeleteObjects: 0.576200 ms)

Prepare: number of updated asset objects reloaded= 0
AssetImportParameters requested are different than current active one (requested -> active):
  custom:container-demuxer-ogg: 62fdf1f143b41e24485cea50d1cbac27 -> 
  custom:video-decoder-ogg-theora: a1e56fd34408186e4bbccfd4996cb3dc -> 
  custom:framework-win-MediaFoundation: 216162199b28c13a410421893ffa2e32 -> 
  custom:container-demuxer-webm: 4f35f7cbe854078d1ac9338744f61a02 -> 
  custom:container-muxer-webm: aa71ff27fc2769a1b78a27578f13a17b -> 
  custom:video-decoder-webm-vp8: 9c59270c3fd7afecdb556c50c9e8de78 -> 
  custom:AudioImporter_EditorPlatform: d09bf68614088b80899f8185d706f6e7 -> 
  custom:video-encoder-webm-vp8: eb34c28f22e8b96e1ab97ce403110664 -> 
  custom:audio-decoder-ogg-vorbis: bf7c407c2cedff20999df2af8eb42d56 -> 
  custom:audio-encoder-webm-vorbis: bf7c407c2cedff20999df2af8eb42d56 -> 
========================================================================
Received Prepare
Begin MonoManager ReloadAssembly
Symbol file LoadedFromMemory doesn't match image C:\Users\werda\OneDrive\Área de Trabalho\4Dream-Unity\Pesadelo-Oculto\Library\PackageCache\com.unity.visualscripting@1.8.0\Editor\VisualScripting.Core\Dependencies\YamlDotNet\Unity.VisualScripting.YamlDotNet.dll
Symbol file LoadedFromMemory doesn't match image C:\Users\werda\OneDrive\Área de Trabalho\4Dream-Unity\Pesadelo-Oculto\Library\PackageCache\com.unity.visualscripting@1.8.0\Editor\VisualScripting.Core\Dependencies\DotNetZip\Unity.VisualScripting.IonicZip.dll
- Loaded All Assemblies, in  1.229 seconds
Refreshing native plugins compatible for Editor in 7.72 ms, found 3 plugins.
Native extension for WindowsStandalone target not found
Mono: successfully reloaded assembly
- Finished resetting the current domain, in  1.517 seconds
Domain Reload Profiling:
	ReloadAssembly (405ms)
		BeginReloadAssembly (246ms)
			ExecutionOrderSort (0ms)
			DisableScriptedObjects (10ms)
			BackupInstance (0ms)
			ReleaseScriptingObjects (0ms)
			CreateAndSetChildDomain (54ms)
		LoadAllAssembliesAndSetupDomain (818ms)
			LoadAssemblies (416ms)
			RebuildTransferFunctionScriptingTraits (0ms)
			SetupTypeCache (520ms)
				TypeCache.Initialize (511ms)
					TypeCache.ScanAssembly (499ms)
				ResolveRequiredComponents (9ms)
		FinalizeReload (0ms)
			ReleaseScriptCaches (0ms)
			RebuildScriptCaches (0ms)
			SetupLoadedEditorAssemblies (632ms)
				LogAssemblyErrors (0ms)
				InitializePlatformSupportModulesInManaged (12ms)
				SetLoadedEditorAssemblies (6ms)
				RefreshPlugins (0ms)
				BeforeProcessingInitializeOnLoad (114ms)
				ProcessInitializeOnLoadAttributes (447ms)
				ProcessInitializeOnLoadMethodAttributes (40ms)
				AfterProcessingInitializeOnLoad (14ms)
				EditorAssembliesLoaded (0ms)
			ExecutionOrderSort2 (0ms)
			AwakeInstancesAfterBackupRestoration (14ms)
Refreshing native plugins compatible for Editor in 6.68 ms, found 3 plugins.
Preloading 0 native plugins for Editor in 0.00 ms.
Unloading 3171 Unused Serialized files (Serialized files now loaded: 0)
Unloading 34 unused Assets / (1.3 MB). Loaded Objects now: 3684.
Memory consumption went from 118.8 MB to 117.6 MB.
Total: 4.711000 ms (FindLiveObjects: 0.425000 ms CreateObjectMapping: 0.145600 ms MarkObjects: 3.807100 ms  DeleteObjects: 0.331700 ms)

Prepare: number of updated asset objects reloaded= 0
AssetImportParameters requested are different than current active one (requested -> active):
  custom:container-demuxer-ogg: 62fdf1f143b41e24485cea50d1cbac27 -> 
  custom:video-decoder-ogg-theora: a1e56fd34408186e4bbccfd4996cb3dc -> 
  custom:framework-win-MediaFoundation: 216162199b28c13a410421893ffa2e32 -> 
  custom:container-demuxer-webm: 4f35f7cbe854078d1ac9338744f61a02 -> 
  custom:container-muxer-webm: aa71ff27fc2769a1b78a27578f13a17b -> 
  custom:video-decoder-webm-vp8: 9c59270c3fd7afecdb556c50c9e8de78 -> 
  custom:AudioImporter_EditorPlatform: d09bf68614088b80899f8185d706f6e7 -> 
  custom:video-encoder-webm-vp8: eb34c28f22e8b96e1ab97ce403110664 -> 
  custom:audio-decoder-ogg-vorbis: bf7c407c2cedff20999df2af8eb42d56 -> 
  custom:audio-encoder-webm-vorbis: bf7c407c2cedff20999df2af8eb42d56 -> 
========================================================================
Received Prepare
Begin MonoManager ReloadAssembly
Symbol file LoadedFromMemory doesn't match image C:\Users\werda\OneDrive\Área de Trabalho\4Dream-Unity\Pesadelo-Oculto\Library\PackageCache\com.unity.visualscripting@1.8.0\Editor\VisualScripting.Core\Dependencies\YamlDotNet\Unity.VisualScripting.YamlDotNet.dll
Symbol file LoadedFromMemory doesn't match image C:\Users\werda\OneDrive\Área de Trabalho\4Dream-Unity\Pesadelo-Oculto\Library\PackageCache\com.unity.visualscripting@1.8.0\Editor\VisualScripting.Core\Dependencies\DotNetZip\Unity.VisualScripting.IonicZip.dll
- Loaded All Assemblies, in  1.559 seconds
Refreshing native plugins compatible for Editor in 8.10 ms, found 3 plugins.
Native extension for WindowsStandalone target not found
Mono: successfully reloaded assembly
- Finished resetting the current domain, in  1.818 seconds
Domain Reload Profiling:
	ReloadAssembly (483ms)
		BeginReloadAssembly (303ms)
			ExecutionOrderSort (0ms)
			DisableScriptedObjects (11ms)
			BackupInstance (0ms)
			ReleaseScriptingObjects (0ms)
			CreateAndSetChildDomain (68ms)
		LoadAllAssembliesAndSetupDomain (1067ms)
			LoadAssemblies (532ms)
			RebuildTransferFunctionScriptingTraits (0ms)
			SetupTypeCache (674ms)
				TypeCache.Initialize (662ms)
					TypeCache.ScanAssembly (647ms)
				ResolveRequiredComponents (12ms)
		FinalizeReload (0ms)
			ReleaseScriptCaches (0ms)
			RebuildScriptCaches (0ms)
			SetupLoadedEditorAssemblies (722ms)
				LogAssemblyErrors (0ms)
				InitializePlatformSupportModulesInManaged (14ms)
				SetLoadedEditorAssemblies (7ms)
				RefreshPlugins (0ms)
				BeforeProcessingInitializeOnLoad (155ms)
				ProcessInitializeOnLoadAttributes (488ms)
				ProcessInitializeOnLoadMethodAttributes (39ms)
				AfterProcessingInitializeOnLoad (17ms)
				EditorAssembliesLoaded (0ms)
			ExecutionOrderSort2 (0ms)
			AwakeInstancesAfterBackupRestoration (13ms)
Refreshing native plugins compatible for Editor in 8.26 ms, found 3 plugins.
Preloading 0 native plugins for Editor in 0.00 ms.
Unloading 3171 Unused Serialized files (Serialized files now loaded: 0)
Unloading 34 unused Assets / (1.3 MB). Loaded Objects now: 3687.
Memory consumption went from 118.8 MB to 117.6 MB.
Total: 4.606300 ms (FindLiveObjects: 0.387400 ms CreateObjectMapping: 0.132200 ms MarkObjects: 3.715500 ms  DeleteObjects: 0.369500 ms)

Prepare: number of updated asset objects reloaded= 0
AssetImportParameters requested are different than current active one (requested -> active):
  custom:container-demuxer-ogg: 62fdf1f143b41e24485cea50d1cbac27 -> 
  custom:video-decoder-ogg-theora: a1e56fd34408186e4bbccfd4996cb3dc -> 
  custom:framework-win-MediaFoundation: 216162199b28c13a410421893ffa2e32 -> 
  custom:container-demuxer-webm: 4f35f7cbe854078d1ac9338744f61a02 -> 
  custom:container-muxer-webm: aa71ff27fc2769a1b78a27578f13a17b -> 
  custom:video-decoder-webm-vp8: 9c59270c3fd7afecdb556c50c9e8de78 -> 
  custom:AudioImporter_EditorPlatform: d09bf68614088b80899f8185d706f6e7 -> 
  custom:video-encoder-webm-vp8: eb34c28f22e8b96e1ab97ce403110664 -> 
  custom:audio-decoder-ogg-vorbis: bf7c407c2cedff20999df2af8eb42d56 -> 
  custom:audio-encoder-webm-vorbis: bf7c407c2cedff20999df2af8eb42d56 -> 
========================================================================
Received Prepare
Begin MonoManager ReloadAssembly
Symbol file LoadedFromMemory doesn't match image C:\Users\werda\OneDrive\Área de Trabalho\4Dream-Unity\Pesadelo-Oculto\Library\PackageCache\com.unity.visualscripting@1.8.0\Editor\VisualScripting.Core\Dependencies\YamlDotNet\Unity.VisualScripting.YamlDotNet.dll
Symbol file LoadedFromMemory doesn't match image C:\Users\werda\OneDrive\Área de Trabalho\4Dream-Unity\Pesadelo-Oculto\Library\PackageCache\com.unity.visualscripting@1.8.0\Editor\VisualScripting.Core\Dependencies\DotNetZip\Unity.VisualScripting.IonicZip.dll
- Loaded All Assemblies, in  1.217 seconds
Refreshing native plugins compatible for Editor in 5.87 ms, found 3 plugins.
Native extension for WindowsStandalone target not found
Mono: successfully reloaded assembly
- Finished resetting the current domain, in  1.431 seconds
Domain Reload Profiling:
	ReloadAssembly (390ms)
		BeginReloadAssembly (244ms)
			ExecutionOrderSort (0ms)
			DisableScriptedObjects (8ms)
			BackupInstance (0ms)
			ReleaseScriptingObjects (0ms)
			CreateAndSetChildDomain (63ms)
		LoadAllAssembliesAndSetupDomain (821ms)
			LoadAssemblies (421ms)
			RebuildTransferFunctionScriptingTraits (0ms)
			SetupTypeCache (505ms)
				TypeCache.Initialize (493ms)
					TypeCache.ScanAssembly (480ms)
				ResolveRequiredComponents (8ms)
		FinalizeReload (0ms)
			ReleaseScriptCaches (0ms)
			RebuildScriptCaches (0ms)
			SetupLoadedEditorAssemblies (569ms)
				LogAssemblyErrors (0ms)
				InitializePlatformSupportModulesInManaged (9ms)
				SetLoadedEditorAssemblies (5ms)
				RefreshPlugins (0ms)
				BeforeProcessingInitializeOnLoad (92ms)
				ProcessInitializeOnLoadAttributes (418ms)
				ProcessInitializeOnLoadMethodAttributes (30ms)
				AfterProcessingInitializeOnLoad (14ms)
				EditorAssembliesLoaded (0ms)
			ExecutionOrderSort2 (0ms)
			AwakeInstancesAfterBackupRestoration (10ms)
Refreshing native plugins compatible for Editor in 5.54 ms, found 3 plugins.
Preloading 0 native plugins for Editor in 0.00 ms.
Unloading 3173 Unused Serialized files (Serialized files now loaded: 0)
Unloading 34 unused Assets / (1.3 MB). Loaded Objects now: 3692.
Memory consumption went from 118.9 MB to 117.6 MB.
Total: 4.065900 ms (FindLiveObjects: 0.374500 ms CreateObjectMapping: 0.118600 ms MarkObjects: 3.228700 ms  DeleteObjects: 0.342800 ms)

Prepare: number of updated asset objects reloaded= 0
AssetImportParameters requested are different than current active one (requested -> active):
  custom:container-demuxer-ogg: 62fdf1f143b41e24485cea50d1cbac27 -> 
  custom:video-decoder-ogg-theora: a1e56fd34408186e4bbccfd4996cb3dc -> 
  custom:framework-win-MediaFoundation: 216162199b28c13a410421893ffa2e32 -> 
  custom:container-demuxer-webm: 4f35f7cbe854078d1ac9338744f61a02 -> 
  custom:container-muxer-webm: aa71ff27fc2769a1b78a27578f13a17b -> 
  custom:video-decoder-webm-vp8: 9c59270c3fd7afecdb556c50c9e8de78 -> 
  custom:AudioImporter_EditorPlatform: d09bf68614088b80899f8185d706f6e7 -> 
  custom:video-encoder-webm-vp8: eb34c28f22e8b96e1ab97ce403110664 -> 
  custom:audio-decoder-ogg-vorbis: bf7c407c2cedff20999df2af8eb42d56 -> 
  custom:audio-encoder-webm-vorbis: bf7c407c2cedff20999df2af8eb42d56 -> 
========================================================================
Received Import Request.
  Time since last request: 1681.716708 seconds.
  path: Assets/_TerrainAutoUpgrade
  artifactKey: Guid(8dc5b740f7704944e96246f2968b41e4) Importer(815301076,1909f56bfc062723c751e8b465ee728b)
Start importing Assets/_TerrainAutoUpgrade using Guid(8dc5b740f7704944e96246f2968b41e4) Importer(815301076,1909f56bfc062723c751e8b465ee728b)  -> (artifact id: '393c502adb8b88bbd6c496e72c26ebbd') in 0.002663 seconds
Number of updated asset objects reloaded before import = 0
Number of asset objects unloaded after import = 0
========================================================================
Received Import Request.
  Time since last request: 4.817018 seconds.
  path: Assets/Winter Zone Mini 1.0
  artifactKey: Guid(e4de286a403416044974a64d18d662bf) Importer(815301076,1909f56bfc062723c751e8b465ee728b)
Start importing Assets/Winter Zone Mini 1.0 using Guid(e4de286a403416044974a64d18d662bf) Importer(815301076,1909f56bfc062723c751e8b465ee728b)  -> (artifact id: '7ea68a251b0465c84991075fe1eaba5d') in 0.000893 seconds
Number of updated asset objects reloaded before import = 0
Number of asset objects unloaded after import = 0
========================================================================
Received Import Request.
  Time since last request: 1.193825 seconds.
  path: Assets/Winter Zone Mini 1.0/Textures
  artifactKey: Guid(190e155b495ea6c40a5949195dbfdd95) Importer(815301076,1909f56bfc062723c751e8b465ee728b)
Start importing Assets/Winter Zone Mini 1.0/Textures using Guid(190e155b495ea6c40a5949195dbfdd95) Importer(815301076,1909f56bfc062723c751e8b465ee728b)  -> (artifact id: 'b791f3a9d2836baca77c75d06b7af575') in 0.000624 seconds
Number of updated asset objects reloaded before import = 0
Number of asset objects unloaded after import = 0
========================================================================
Received Import Request.
  Time since last request: 0.601358 seconds.
  path: Assets/Winter Zone Mini 1.0/UnityTerrains
  artifactKey: Guid(8781e27ee82711a43a0412676f109ae3) Importer(815301076,1909f56bfc062723c751e8b465ee728b)
Start importing Assets/Winter Zone Mini 1.0/UnityTerrains using Guid(8781e27ee82711a43a0412676f109ae3) Importer(815301076,1909f56bfc062723c751e8b465ee728b)  -> (artifact id: 'c6e98f23b6f073418d1275593a3eb771') in 0.000668 seconds
Number of updated asset objects reloaded before import = 0
Number of asset objects unloaded after import = 0
========================================================================
Received Import Request.
  Time since last request: 0.608829 seconds.
  path: Assets/Winter Zone Mini 1.0/Weather FX
  artifactKey: Guid(299b5c4719c9a4e4ca8ea4426a9ad28a) Importer(815301076,1909f56bfc062723c751e8b465ee728b)
Start importing Assets/Winter Zone Mini 1.0/Weather FX using Guid(299b5c4719c9a4e4ca8ea4426a9ad28a) Importer(815301076,1909f56bfc062723c751e8b465ee728b)  -> (artifact id: 'acab4c9b076ef16bdc2f7e7715cede52') in 0.002396 seconds
Number of updated asset objects reloaded before import = 0
Number of asset objects unloaded after import = 0
========================================================================
Received Import Request.
  Time since last request: 1.229580 seconds.
  path: Assets/Winter Zone Mini 1.0/UnityTerrains/Terrain_2
  artifactKey: Guid(c3e881f83e2c36b48a5800f263a2f9da) Importer(815301076,1909f56bfc062723c751e8b465ee728b)
Start importing Assets/Winter Zone Mini 1.0/UnityTerrains/Terrain_2 using Guid(c3e881f83e2c36b48a5800f263a2f9da) Importer(815301076,1909f56bfc062723c751e8b465ee728b)  -> (artifact id: 'e4426834fab8190965780c77e691a554') in 0.000886 seconds
Number of updated asset objects reloaded before import = 0
Number of asset objects unloaded after import = 0
========================================================================
Received Import Request.
  Time since last request: 0.754008 seconds.
  path: Assets/Winter Zone Mini 1.0/UnityTerrains/Terrain_2/Terrain_2_prefab.prefab
  artifactKey: Guid(3b95be3def643d145ab1cf52aa0188a3) Importer(815301076,1909f56bfc062723c751e8b465ee728b)
Start importing Assets/Winter Zone Mini 1.0/UnityTerrains/Terrain_2/Terrain_2_prefab.prefab using Guid(3b95be3def643d145ab1cf52aa0188a3) Importer(815301076,1909f56bfc062723c751e8b465ee728b)  -> (artifact id: '98182a9f15ce6312d216c9d39cdd3d24') in 0.030341 seconds
Number of updated asset objects reloaded before import = 0
Number of asset objects unloaded after import = 6
========================================================================
Received Import Request.
  Time since last request: 2.089586 seconds.
  path: Assets/Winter Zone Mini 1.0/UnityTerrains/Terrain_2/Maps
  artifactKey: Guid(06a710606d8f2744893ff5193007fb8f) Importer(815301076,1909f56bfc062723c751e8b465ee728b)
Start importing Assets/Winter Zone Mini 1.0/UnityTerrains/Terrain_2/Maps using Guid(06a710606d8f2744893ff5193007fb8f) Importer(815301076,1909f56bfc062723c751e8b465ee728b)  -> (artifact id: '9dd205a7dcaf7bda45bd0c6c5d3db96d') in 0.000903 seconds
Number of updated asset objects reloaded before import = 0
Number of asset objects unloaded after import = 0
========================================================================
Received Import Request.
  Time since last request: 12.453043 seconds.
  path: Assets/Winter Zone Mini 1.0/UnityTerrains/Terrain_1
  artifactKey: Guid(a095e9c66f86bd9458c09c18b507db98) Importer(815301076,1909f56bfc062723c751e8b465ee728b)
Start importing Assets/Winter Zone Mini 1.0/UnityTerrains/Terrain_1 using Guid(a095e9c66f86bd9458c09c18b507db98) Importer(815301076,1909f56bfc062723c751e8b465ee728b)  -> (artifact id: 'b13961950f4c7c98c4c536cdb1f6673c') in 0.000787 seconds
Number of updated asset objects reloaded before import = 0
Number of asset objects unloaded after import = 0
========================================================================
Received Import Request.
  Time since last request: 0.676685 seconds.
  path: Assets/Winter Zone Mini 1.0/UnityTerrains/Terrain_1/Terrain_1_prefab.prefab
  artifactKey: Guid(263f64ea53518414fb93d1458a3630a3) Importer(815301076,1909f56bfc062723c751e8b465ee728b)
Start importing Assets/Winter Zone Mini 1.0/UnityTerrains/Terrain_1/Terrain_1_prefab.prefab using Guid(263f64ea53518414fb93d1458a3630a3) Importer(815301076,1909f56bfc062723c751e8b465ee728b)  -> (artifact id: '1bbb4609c94195bc7e9a9d638dea1366') in 0.003436 seconds
Number of updated asset objects reloaded before import = 0
Number of asset objects unloaded after import = 6
========================================================================
Received Import Request.
  Time since last request: 20.909696 seconds.
  path: Assets/Winter Zone Mini 1.0/UnityTerrains/Terrain_1/Terrain_1_prefab.prefab
  artifactKey: Guid(263f64ea53518414fb93d1458a3630a3) Importer(815301076,1909f56bfc062723c751e8b465ee728b)
Start importing Assets/Winter Zone Mini 1.0/UnityTerrains/Terrain_1/Terrain_1_prefab.prefab using Guid(263f64ea53518414fb93d1458a3630a3) Importer(815301076,1909f56bfc062723c751e8b465ee728b)  -> (artifact id: '4d408e0ad0755887b3db88ed75e61722') in 0.003367 seconds
Number of updated asset objects reloaded before import = 0
Number of asset objects unloaded after import = 6
========================================================================
Received Import Request.
  Time since last request: 47.705931 seconds.
  path: Assets/Winter Zone Mini 1.0/Textures/Cliff_1.png
  artifactKey: Guid(fa285598a820f254eb01cdafb090ee04) Importer(815301076,1909f56bfc062723c751e8b465ee728b)
Start importing Assets/Winter Zone Mini 1.0/Textures/Cliff_1.png using Guid(fa285598a820f254eb01cdafb090ee04) Importer(815301076,1909f56bfc062723c751e8b465ee728b)  -> (artifact id: 'edcd98243bfcd033f986e4ec1f35ea68') in 0.052980 seconds
Number of updated asset objects reloaded before import = 0
Number of asset objects unloaded after import = 2
========================================================================
Received Import Request.
  Time since last request: 0.000028 seconds.
  path: Assets/Winter Zone Mini 1.0/Textures/Rock_3.png
  artifactKey: Guid(d9d8d6bd37922c643b56e4bbc739a994) Importer(815301076,1909f56bfc062723c751e8b465ee728b)
Start importing Assets/Winter Zone Mini 1.0/Textures/Rock_3.png using Guid(d9d8d6bd37922c643b56e4bbc739a994) Importer(815301076,1909f56bfc062723c751e8b465ee728b)  -> (artifact id: 'd50ae972731eed04aed9338cfec16b09') in 0.019780 seconds
Number of updated asset objects reloaded before import = 0
Number of asset objects unloaded after import = 2
========================================================================
Received Import Request.
  Time since last request: 116.985694 seconds.
  path: Assets/_TerrainAutoUpgrade/layer_Snow_2Snow_2_normal3d1cca0d6d0e9938.terrainlayer
  artifactKey: Guid(2a85cb98021b15e4da382d6ed5c7f089) Importer(815301076,1909f56bfc062723c751e8b465ee728b)
Start importing Assets/_TerrainAutoUpgrade/layer_Snow_2Snow_2_normal3d1cca0d6d0e9938.terrainlayer using Guid(2a85cb98021b15e4da382d6ed5c7f089) Importer(815301076,1909f56bfc062723c751e8b465ee728b)  -> (artifact id: '2738028a1d0bc45144cdb28e271b5345') in 0.077051 seconds
Number of updated asset objects reloaded before import = 0
Number of asset objects unloaded after import = 4
========================================================================
Received Import Request.
  Time since last request: 5.322810 seconds.
  path: Assets/_TerrainAutoUpgrade/layer_Snow_1Snow_1_normal3d1cca0d6d0e9938.terrainlayer
  artifactKey: Guid(6109fcfdfc508214fb55a650e7584b71) Importer(815301076,1909f56bfc062723c751e8b465ee728b)
Start importing Assets/_TerrainAutoUpgrade/layer_Snow_1Snow_1_normal3d1cca0d6d0e9938.terrainlayer using Guid(6109fcfdfc508214fb55a650e7584b71) Importer(815301076,1909f56bfc062723c751e8b465ee728b)  -> (artifact id: 'f307b46c45b2169013394633d348d111') in 0.049007 seconds
Number of updated asset objects reloaded before import = 0
Number of asset objects unloaded after import = 4
========================================================================
Received Import Request.
  Time since last request: 509.287049 seconds.
  path: Assets/Winter Zone Mini 1.0/Textures/Rock_1.png
  artifactKey: Guid(88b200775c638d7458c784a5302c6344) Importer(815301076,1909f56bfc062723c751e8b465ee728b)
Start importing Assets/Winter Zone Mini 1.0/Textures/Rock_1.png using Guid(88b200775c638d7458c784a5302c6344) Importer(815301076,1909f56bfc062723c751e8b465ee728b)  -> (artifact id: 'ddd1c92742d10dc692bbf345ee77839a') in 0.038275 seconds
Number of updated asset objects reloaded before import = 0
Number of asset objects unloaded after import = 2
========================================================================
Received Import Request.
  Time since last request: 0.810999 seconds.
  path: Assets/_TerrainAutoUpgrade/layer_Snow_1Snow_1_normal3d3aba195e4d26ee.terrainlayer
  artifactKey: Guid(0a0a3431c61286c4c8ebe6ecc4c679aa) Importer(815301076,1909f56bfc062723c751e8b465ee728b)
Start importing Assets/_TerrainAutoUpgrade/layer_Snow_1Snow_1_normal3d3aba195e4d26ee.terrainlayer using Guid(0a0a3431c61286c4c8ebe6ecc4c679aa) Importer(815301076,1909f56bfc062723c751e8b465ee728b)  -> (artifact id: 'b44e6f55540972b1e3060aa31f32a8e1') in 0.058204 seconds
Number of updated asset objects reloaded before import = 0
Number of asset objects unloaded after import = 4
========================================================================
Received Import Request.
  Time since last request: 29.184920 seconds.
  path: Assets/_TerrainAutoUpgrade/layer_Snow_2Snow_2_normal3d3aba195e4d26ee.terrainlayer
  artifactKey: Guid(47a17f46c79646e4790f2c6f7ee36bf0) Importer(815301076,1909f56bfc062723c751e8b465ee728b)
Start importing Assets/_TerrainAutoUpgrade/layer_Snow_2Snow_2_normal3d3aba195e4d26ee.terrainlayer using Guid(47a17f46c79646e4790f2c6f7ee36bf0) Importer(815301076,1909f56bfc062723c751e8b465ee728b)  -> (artifact id: '9968c98a464205db8f1eed5ac6fd13ad') in 0.050324 seconds
Number of updated asset objects reloaded before import = 0
Number of asset objects unloaded after import = 4
========================================================================
Received Import Request.
  Time since last request: 251.591175 seconds.
  path: Assets/Ambiente/Estacao
  artifactKey: Guid(39a07be6fec8f484890350da78be8d53) Importer(815301076,1909f56bfc062723c751e8b465ee728b)
Start importing Assets/Ambiente/Estacao using Guid(39a07be6fec8f484890350da78be8d53) Importer(815301076,1909f56bfc062723c751e8b465ee728b)  -> (artifact id: '777610ef777c218f8e599612f9b9b0b5') in 0.001401 seconds
Number of updated asset objects reloaded before import = 0
Number of asset objects unloaded after import = 0
========================================================================
Received Import Request.
  Time since last request: 10.216410 seconds.
  path: Assets/Ambiente/Estacao/Shelter Final.obj
  artifactKey: Guid(7edffbb0db2f3f543b8a3088a0ee9080) Importer(815301076,1909f56bfc062723c751e8b465ee728b)
Start importing Assets/Ambiente/Estacao/Shelter Final.obj using Guid(7edffbb0db2f3f543b8a3088a0ee9080) Importer(815301076,1909f56bfc062723c751e8b465ee728b)  -> (artifact id: '2306ea9120c6e891330ffdf437050edc') in 0.427525 seconds
Number of updated asset objects reloaded before import = 0
Number of asset objects unloaded after import = 10
========================================================================
Received Import Request.
  Time since last request: 8.509400 seconds.
  path: Assets/Ambiente/Estacao/Materials
  artifactKey: Guid(1f59a0a60af04d0488799b70ca33929d) Importer(815301076,1909f56bfc062723c751e8b465ee728b)
Start importing Assets/Ambiente/Estacao/Materials using Guid(1f59a0a60af04d0488799b70ca33929d) Importer(815301076,1909f56bfc062723c751e8b465ee728b)  -> (artifact id: 'f9159403858f254de10b7efd70851305') in 0.000843 seconds
Number of updated asset objects reloaded before import = 0
Number of asset objects unloaded after import = 0
========================================================================
Received Import Request.
  Time since last request: 9.161262 seconds.
  path: Assets/Ambiente/Estacao/Shelter Final.obj
  artifactKey: Guid(7edffbb0db2f3f543b8a3088a0ee9080) Importer(815301076,1909f56bfc062723c751e8b465ee728b)
Start importing Assets/Ambiente/Estacao/Shelter Final.obj using Guid(7edffbb0db2f3f543b8a3088a0ee9080) Importer(815301076,1909f56bfc062723c751e8b465ee728b)  -> (artifact id: 'b2593619953561457b59397f012699f9') in 0.070270 seconds
Number of updated asset objects reloaded before import = 0
Number of asset objects unloaded after import = 10
========================================================================
Received Import Request.
  Time since last request: 68.560495 seconds.
  path: Assets/Ambiente/Estacao/Materials/internal_ground_ao_texture.jpeg
  artifactKey: Guid(b573e0e49016c6c408a6a8bc4f95d2de) Importer(815301076,1909f56bfc062723c751e8b465ee728b)
Start importing Assets/Ambiente/Estacao/Materials/internal_ground_ao_texture.jpeg using Guid(b573e0e49016c6c408a6a8bc4f95d2de) Importer(815301076,1909f56bfc062723c751e8b465ee728b)  -> (artifact id: 'a9112a2b01caee5b69b8d911d47780fc') in 0.034317 seconds
Number of updated asset objects reloaded before import = 0
Number of asset objects unloaded after import = 2
========================================================================
Received Import Request.
  Time since last request: 70.170907 seconds.
  path: Assets/Ambiente/Estacao/Materials/Texture_5_Base_Colour.png
  artifactKey: Guid(c33f32b8192351746a51264ff92954bf) Importer(815301076,1909f56bfc062723c751e8b465ee728b)
Start importing Assets/Ambiente/Estacao/Materials/Texture_5_Base_Colour.png using Guid(c33f32b8192351746a51264ff92954bf) Importer(815301076,1909f56bfc062723c751e8b465ee728b)  -> (artifact id: 'eef424dca4cb9cf78bca04b517c7c1a7') in 0.035190 seconds
Number of updated asset objects reloaded before import = 0
Number of asset objects unloaded after import = 2
========================================================================
Received Import Request.
  Time since last request: 0.391508 seconds.
  path: Assets/Ambiente/Estacao/Materials/Texture_5_Metallic.png
  artifactKey: Guid(d8f4f4b87623c9743b2628bd12daacc2) Importer(815301076,1909f56bfc062723c751e8b465ee728b)
Start importing Assets/Ambiente/Estacao/Materials/Texture_5_Metallic.png using Guid(d8f4f4b87623c9743b2628bd12daacc2) Importer(815301076,1909f56bfc062723c751e8b465ee728b)  -> (artifact id: '42c9b3950d543b078bb715b3db2f55f2') in 0.042786 seconds
Number of updated asset objects reloaded before import = 0
Number of asset objects unloaded after import = 2
========================================================================
Received Import Request.
  Time since last request: 0.593831 seconds.
  path: Assets/Ambiente/Estacao/Materials/Texture_5_Normal.png
  artifactKey: Guid(16e08a105f0bc7a4593313ed2543385a) Importer(815301076,1909f56bfc062723c751e8b465ee728b)
Start importing Assets/Ambiente/Estacao/Materials/Texture_5_Normal.png using Guid(16e08a105f0bc7a4593313ed2543385a) Importer(815301076,1909f56bfc062723c751e8b465ee728b)  -> (artifact id: 'a3f2aca3b0585f324e159f0e745a2f96') in 0.035115 seconds
Number of updated asset objects reloaded before import = 0
Number of asset objects unloaded after import = 2
========================================================================
Received Import Request.
  Time since last request: 0.396824 seconds.
  path: Assets/Ambiente/Estacao/Materials/Texture_5_Opacity.png
  artifactKey: Guid(2cf5ff85ab5fe944d8d4e8bdfbeeb554) Importer(815301076,1909f56bfc062723c751e8b465ee728b)
Start importing Assets/Ambiente/Estacao/Materials/Texture_5_Opacity.png using Guid(2cf5ff85ab5fe944d8d4e8bdfbeeb554) Importer(815301076,1909f56bfc062723c751e8b465ee728b)  -> (artifact id: '45bb97c1142f97332e1ba3d874fcd46e') in 0.032349 seconds
Number of updated asset objects reloaded before import = 0
Number of asset objects unloaded after import = 2
========================================================================
Received Import Request.
  Time since last request: 0.357615 seconds.
  path: Assets/Ambiente/Estacao/Materials/Texture_5_Roughness.png
  artifactKey: Guid(75c6280778c884542bed0a6465061cfb) Importer(815301076,1909f56bfc062723c751e8b465ee728b)
Start importing Assets/Ambiente/Estacao/Materials/Texture_5_Roughness.png using Guid(75c6280778c884542bed0a6465061cfb) Importer(815301076,1909f56bfc062723c751e8b465ee728b)  -> (artifact id: '5cc3bc39fa1ae1609513862ab204dad8') in 0.030642 seconds
Number of updated asset objects reloaded before import = 0
Number of asset objects unloaded after import = 2
========================================================================
Received Prepare
Begin MonoManager ReloadAssembly
Symbol file LoadedFromMemory doesn't match image C:\Users\werda\OneDrive\Área de Trabalho\4Dream-Unity\Pesadelo-Oculto\Library\PackageCache\com.unity.visualscripting@1.8.0\Editor\VisualScripting.Core\Dependencies\YamlDotNet\Unity.VisualScripting.YamlDotNet.dll
Symbol file LoadedFromMemory doesn't match image C:\Users\werda\OneDrive\Área de Trabalho\4Dream-Unity\Pesadelo-Oculto\Library\PackageCache\com.unity.visualscripting@1.8.0\Editor\VisualScripting.Core\Dependencies\DotNetZip\Unity.VisualScripting.IonicZip.dll
- Loaded All Assemblies, in  1.692 seconds
Refreshing native plugins compatible for Editor in 10.08 ms, found 3 plugins.
Native extension for WindowsStandalone target not found
Mono: successfully reloaded assembly
- Finished resetting the current domain, in  2.522 seconds
Domain Reload Profiling:
	ReloadAssembly (535ms)
		BeginReloadAssembly (310ms)
			ExecutionOrderSort (0ms)
			DisableScriptedObjects (15ms)
			BackupInstance (0ms)
			ReleaseScriptingObjects (0ms)
			CreateAndSetChildDomain (73ms)
		LoadAllAssembliesAndSetupDomain (1150ms)
			LoadAssemblies (592ms)
			RebuildTransferFunctionScriptingTraits (0ms)
			SetupTypeCache (704ms)
				TypeCache.Initialize (693ms)
					TypeCache.ScanAssembly (679ms)
				ResolveRequiredComponents (11ms)
		FinalizeReload (0ms)
			ReleaseScriptCaches (0ms)
			RebuildScriptCaches (0ms)
			SetupLoadedEditorAssemblies (1178ms)
				LogAssemblyErrors (0ms)
				InitializePlatformSupportModulesInManaged (21ms)
				SetLoadedEditorAssemblies (8ms)
				RefreshPlugins (0ms)
				BeforeProcessingInitializeOnLoad (206ms)
				ProcessInitializeOnLoadAttributes (844ms)
				ProcessInitializeOnLoadMethodAttributes (71ms)
				AfterProcessingInitializeOnLoad (28ms)
				EditorAssembliesLoaded (0ms)
			ExecutionOrderSort2 (0ms)
			AwakeInstancesAfterBackupRestoration (21ms)
Refreshing native plugins compatible for Editor in 12.62 ms, found 3 plugins.
Preloading 0 native plugins for Editor in 0.00 ms.
Unloading 3172 Unused Serialized files (Serialized files now loaded: 0)
Unloading 34 unused Assets / (1.3 MB). Loaded Objects now: 3739.
Memory consumption went from 119.3 MB to 118.0 MB.
Total: 9.955900 ms (FindLiveObjects: 0.713600 ms CreateObjectMapping: 0.556900 ms MarkObjects: 7.989900 ms  DeleteObjects: 0.692800 ms)

Prepare: number of updated asset objects reloaded= 0
AssetImportParameters requested are different than current active one (requested -> active):
  custom:container-demuxer-ogg: 62fdf1f143b41e24485cea50d1cbac27 -> 
  custom:video-decoder-ogg-theora: a1e56fd34408186e4bbccfd4996cb3dc -> 
  custom:framework-win-MediaFoundation: 216162199b28c13a410421893ffa2e32 -> 
  custom:container-demuxer-webm: 4f35f7cbe854078d1ac9338744f61a02 -> 
  custom:container-muxer-webm: aa71ff27fc2769a1b78a27578f13a17b -> 
  custom:video-decoder-webm-vp8: 9c59270c3fd7afecdb556c50c9e8de78 -> 
  custom:AudioImporter_EditorPlatform: d09bf68614088b80899f8185d706f6e7 -> 
  custom:video-encoder-webm-vp8: eb34c28f22e8b96e1ab97ce403110664 -> 
  custom:audio-decoder-ogg-vorbis: bf7c407c2cedff20999df2af8eb42d56 -> 
  custom:audio-encoder-webm-vorbis: bf7c407c2cedff20999df2af8eb42d56 -> 
========================================================================
Received Import Request.
  Time since last request: 654.529346 seconds.
  path: Assets/Ambiente/Estacao/Railroad113.obj
  artifactKey: Guid(e828156cd1b73a446ad4e4686ebb39a6) Importer(815301076,1909f56bfc062723c751e8b465ee728b)
Start importing Assets/Ambiente/Estacao/Railroad113.obj using Guid(e828156cd1b73a446ad4e4686ebb39a6) Importer(815301076,1909f56bfc062723c751e8b465ee728b)  -> (artifact id: 'fccc50c8ad61c78d09d41a44ae328639') in 0.495694 seconds
Number of updated asset objects reloaded before import = 0
Number of asset objects unloaded after import = 64
========================================================================
Received Import Request.
  Time since last request: 57.958717 seconds.
  path: Assets/Ambiente/Estacao/Railroad113.obj
  artifactKey: Guid(e828156cd1b73a446ad4e4686ebb39a6) Importer(815301076,1909f56bfc062723c751e8b465ee728b)
Start importing Assets/Ambiente/Estacao/Railroad113.obj using Guid(e828156cd1b73a446ad4e4686ebb39a6) Importer(815301076,1909f56bfc062723c751e8b465ee728b)  -> (artifact id: 'eadaff04e413e67a1bf3044fa3a5a46d') in 0.231442 seconds
Number of updated asset objects reloaded before import = 0
Number of asset objects unloaded after import = 64
========================================================================
Received Prepare
Begin MonoManager ReloadAssembly
Symbol file LoadedFromMemory doesn't match image C:\Users\werda\OneDrive\Área de Trabalho\4Dream-Unity\Pesadelo-Oculto\Library\PackageCache\com.unity.visualscripting@1.8.0\Editor\VisualScripting.Core\Dependencies\YamlDotNet\Unity.VisualScripting.YamlDotNet.dll
Symbol file LoadedFromMemory doesn't match image C:\Users\werda\OneDrive\Área de Trabalho\4Dream-Unity\Pesadelo-Oculto\Library\PackageCache\com.unity.visualscripting@1.8.0\Editor\VisualScripting.Core\Dependencies\DotNetZip\Unity.VisualScripting.IonicZip.dll
- Loaded All Assemblies, in  2.096 seconds
Refreshing native plugins compatible for Editor in 18.05 ms, found 3 plugins.
Native extension for WindowsStandalone target not found
Mono: successfully reloaded assembly
- Finished resetting the current domain, in  3.198 seconds
Domain Reload Profiling:
	ReloadAssembly (507ms)
		BeginReloadAssembly (302ms)
			ExecutionOrderSort (0ms)
			DisableScriptedObjects (12ms)
			BackupInstance (0ms)
			ReleaseScriptingObjects (0ms)
			CreateAndSetChildDomain (83ms)
		LoadAllAssembliesAndSetupDomain (1580ms)
			LoadAssemblies (778ms)
			RebuildTransferFunctionScriptingTraits (0ms)
			SetupTypeCache (925ms)
				TypeCache.Initialize (891ms)
					TypeCache.ScanAssembly (873ms)
				ResolveRequiredComponents (18ms)
		FinalizeReload (0ms)
			ReleaseScriptCaches (0ms)
			RebuildScriptCaches (0ms)
			SetupLoadedEditorAssemblies (777ms)
				LogAssemblyErrors (0ms)
				InitializePlatformSupportModulesInManaged (30ms)
				SetLoadedEditorAssemblies (14ms)
				RefreshPlugins (0ms)
				BeforeProcessingInitializeOnLoad (198ms)
				ProcessInitializeOnLoadAttributes (481ms)
				ProcessInitializeOnLoadMethodAttributes (39ms)
				AfterProcessingInitializeOnLoad (16ms)
				EditorAssembliesLoaded (0ms)
			ExecutionOrderSort2 (0ms)
			AwakeInstancesAfterBackupRestoration (12ms)
Refreshing native plugins compatible for Editor in 4.64 ms, found 3 plugins.
Preloading 0 native plugins for Editor in 0.00 ms.
Unloading 3548 Unused Serialized files (Serialized files now loaded: 0)
Unloading 54 unused Assets / (2.9 MB). Loaded Objects now: 4099.
Memory consumption went from 133.0 MB to 130.1 MB.
Total: 6.572400 ms (FindLiveObjects: 0.402400 ms CreateObjectMapping: 0.131200 ms MarkObjects: 4.419300 ms  DeleteObjects: 1.617800 ms)

Prepare: number of updated asset objects reloaded= 0
AssetImportParameters requested are different than current active one (requested -> active):
  custom:container-demuxer-ogg: 62fdf1f143b41e24485cea50d1cbac27 -> 
  custom:video-decoder-ogg-theora: a1e56fd34408186e4bbccfd4996cb3dc -> 
  custom:framework-win-MediaFoundation: 216162199b28c13a410421893ffa2e32 -> 
  custom:container-demuxer-webm: 4f35f7cbe854078d1ac9338744f61a02 -> 
  custom:container-muxer-webm: aa71ff27fc2769a1b78a27578f13a17b -> 
  custom:video-decoder-webm-vp8: 9c59270c3fd7afecdb556c50c9e8de78 -> 
  custom:AudioImporter_EditorPlatform: d09bf68614088b80899f8185d706f6e7 -> 
  custom:video-encoder-webm-vp8: eb34c28f22e8b96e1ab97ce403110664 -> 
  custom:audio-decoder-ogg-vorbis: bf7c407c2cedff20999df2af8eb42d56 -> 
  custom:audio-encoder-webm-vorbis: bf7c407c2cedff20999df2af8eb42d56 -> 
========================================================================
Received Prepare
Begin MonoManager ReloadAssembly
Symbol file LoadedFromMemory doesn't match image C:\Users\werda\OneDrive\Área de Trabalho\4Dream-Unity\Pesadelo-Oculto\Library\PackageCache\com.unity.visualscripting@1.8.0\Editor\VisualScripting.Core\Dependencies\YamlDotNet\Unity.VisualScripting.YamlDotNet.dll
Symbol file LoadedFromMemory doesn't match image C:\Users\werda\OneDrive\Área de Trabalho\4Dream-Unity\Pesadelo-Oculto\Library\PackageCache\com.unity.visualscripting@1.8.0\Editor\VisualScripting.Core\Dependencies\DotNetZip\Unity.VisualScripting.IonicZip.dll
- Loaded All Assemblies, in  1.463 seconds
Refreshing native plugins compatible for Editor in 9.36 ms, found 3 plugins.
Native extension for WindowsStandalone target not found
Mono: successfully reloaded assembly
- Finished resetting the current domain, in  3.339 seconds
Domain Reload Profiling:
	ReloadAssembly (468ms)
		BeginReloadAssembly (279ms)
			ExecutionOrderSort (0ms)
			DisableScriptedObjects (14ms)
			BackupInstance (0ms)
			ReleaseScriptingObjects (0ms)
			CreateAndSetChildDomain (64ms)
		LoadAllAssembliesAndSetupDomain (988ms)
			LoadAssemblies (501ms)
			RebuildTransferFunctionScriptingTraits (0ms)
			SetupTypeCache (607ms)
				TypeCache.Initialize (596ms)
					TypeCache.ScanAssembly (583ms)
				ResolveRequiredComponents (10ms)
		FinalizeReload (0ms)
			ReleaseScriptCaches (0ms)
			RebuildScriptCaches (0ms)
			SetupLoadedEditorAssemblies (1510ms)
				LogAssemblyErrors (0ms)
				InitializePlatformSupportModulesInManaged (28ms)
				SetLoadedEditorAssemblies (14ms)
				RefreshPlugins (0ms)
				BeforeProcessingInitializeOnLoad (344ms)
				ProcessInitializeOnLoadAttributes (1050ms)
				ProcessInitializeOnLoadMethodAttributes (53ms)
				AfterProcessingInitializeOnLoad (20ms)
				EditorAssembliesLoaded (0ms)
			ExecutionOrderSort2 (0ms)
			AwakeInstancesAfterBackupRestoration (15ms)
Refreshing native plugins compatible for Editor in 8.44 ms, found 3 plugins.
Preloading 0 native plugins for Editor in 0.00 ms.
Unloading 3548 Unused Serialized files (Serialized files now loaded: 0)
Unloading 55 unused Assets / (3.0 MB). Loaded Objects now: 4102.
Memory consumption went from 133.1 MB to 130.1 MB.
Total: 9.481500 ms (FindLiveObjects: 0.467900 ms CreateObjectMapping: 0.197900 ms MarkObjects: 6.779700 ms  DeleteObjects: 2.034100 ms)

Prepare: number of updated asset objects reloaded= 0
AssetImportParameters requested are different than current active one (requested -> active):
  custom:container-demuxer-ogg: 62fdf1f143b41e24485cea50d1cbac27 -> 
  custom:video-decoder-ogg-theora: a1e56fd34408186e4bbccfd4996cb3dc -> 
  custom:framework-win-MediaFoundation: 216162199b28c13a410421893ffa2e32 -> 
  custom:container-demuxer-webm: 4f35f7cbe854078d1ac9338744f61a02 -> 
  custom:container-muxer-webm: aa71ff27fc2769a1b78a27578f13a17b -> 
  custom:video-decoder-webm-vp8: 9c59270c3fd7afecdb556c50c9e8de78 -> 
  custom:AudioImporter_EditorPlatform: d09bf68614088b80899f8185d706f6e7 -> 
  custom:video-encoder-webm-vp8: eb34c28f22e8b96e1ab97ce403110664 -> 
  custom:audio-decoder-ogg-vorbis: bf7c407c2cedff20999df2af8eb42d56 -> 
  custom:audio-encoder-webm-vorbis: bf7c407c2cedff20999df2af8eb42d56 -> 
========================================================================
Received Prepare
Begin MonoManager ReloadAssembly
Symbol file LoadedFromMemory doesn't match image C:\Users\werda\OneDrive\Área de Trabalho\4Dream-Unity\Pesadelo-Oculto\Library\PackageCache\com.unity.visualscripting@1.8.0\Editor\VisualScripting.Core\Dependencies\YamlDotNet\Unity.VisualScripting.YamlDotNet.dll
Symbol file LoadedFromMemory doesn't match image C:\Users\werda\OneDrive\Área de Trabalho\4Dream-Unity\Pesadelo-Oculto\Library\PackageCache\com.unity.visualscripting@1.8.0\Editor\VisualScripting.Core\Dependencies\DotNetZip\Unity.VisualScripting.IonicZip.dll
- Loaded All Assemblies, in  1.510 seconds
Refreshing native plugins compatible for Editor in 8.36 ms, found 3 plugins.
Native extension for WindowsStandalone target not found
Mono: successfully reloaded assembly
- Finished resetting the current domain, in  2.079 seconds
Domain Reload Profiling:
	ReloadAssembly (454ms)
		BeginReloadAssembly (284ms)
			ExecutionOrderSort (0ms)
			DisableScriptedObjects (15ms)
			BackupInstance (0ms)
			ReleaseScriptingObjects (0ms)
			CreateAndSetChildDomain (73ms)
		LoadAllAssembliesAndSetupDomain (1049ms)
			LoadAssemblies (502ms)
			RebuildTransferFunctionScriptingTraits (0ms)
			SetupTypeCache (660ms)
				TypeCache.Initialize (647ms)
					TypeCache.ScanAssembly (633ms)
				ResolveRequiredComponents (13ms)
		FinalizeReload (0ms)
			ReleaseScriptCaches (0ms)
			RebuildScriptCaches (0ms)
			SetupLoadedEditorAssemblies (835ms)
				LogAssemblyErrors (0ms)
				InitializePlatformSupportModulesInManaged (15ms)
				SetLoadedEditorAssemblies (7ms)
				RefreshPlugins (0ms)
				BeforeProcessingInitializeOnLoad (139ms)
				ProcessInitializeOnLoadAttributes (599ms)
				ProcessInitializeOnLoadMethodAttributes (53ms)
				AfterProcessingInitializeOnLoad (22ms)
				EditorAssembliesLoaded (0ms)
			ExecutionOrderSort2 (0ms)
			AwakeInstancesAfterBackupRestoration (17ms)
Refreshing native plugins compatible for Editor in 7.34 ms, found 3 plugins.
Preloading 0 native plugins for Editor in 0.00 ms.
Unloading 3548 Unused Serialized files (Serialized files now loaded: 0)
Unloading 55 unused Assets / (3.0 MB). Loaded Objects now: 4105.
Memory consumption went from 133.1 MB to 130.1 MB.
Total: 9.364300 ms (FindLiveObjects: 0.611500 ms CreateObjectMapping: 0.585300 ms MarkObjects: 5.874200 ms  DeleteObjects: 2.291000 ms)

Prepare: number of updated asset objects reloaded= 0
AssetImportParameters requested are different than current active one (requested -> active):
  custom:container-demuxer-ogg: 62fdf1f143b41e24485cea50d1cbac27 -> 
  custom:video-decoder-ogg-theora: a1e56fd34408186e4bbccfd4996cb3dc -> 
  custom:framework-win-MediaFoundation: 216162199b28c13a410421893ffa2e32 -> 
  custom:container-demuxer-webm: 4f35f7cbe854078d1ac9338744f61a02 -> 
  custom:container-muxer-webm: aa71ff27fc2769a1b78a27578f13a17b -> 
  custom:video-decoder-webm-vp8: 9c59270c3fd7afecdb556c50c9e8de78 -> 
  custom:AudioImporter_EditorPlatform: d09bf68614088b80899f8185d706f6e7 -> 
  custom:video-encoder-webm-vp8: eb34c28f22e8b96e1ab97ce403110664 -> 
  custom:audio-decoder-ogg-vorbis: bf7c407c2cedff20999df2af8eb42d56 -> 
  custom:audio-encoder-webm-vorbis: bf7c407c2cedff20999df2af8eb42d56 -> 
========================================================================
Received Prepare
Begin MonoManager ReloadAssembly
Symbol file LoadedFromMemory doesn't match image C:\Users\werda\OneDrive\Área de Trabalho\4Dream-Unity\Pesadelo-Oculto\Library\PackageCache\com.unity.visualscripting@1.8.0\Editor\VisualScripting.Core\Dependencies\YamlDotNet\Unity.VisualScripting.YamlDotNet.dll
Symbol file LoadedFromMemory doesn't match image C:\Users\werda\OneDrive\Área de Trabalho\4Dream-Unity\Pesadelo-Oculto\Library\PackageCache\com.unity.visualscripting@1.8.0\Editor\VisualScripting.Core\Dependencies\DotNetZip\Unity.VisualScripting.IonicZip.dll
- Loaded All Assemblies, in  1.589 seconds
Refreshing native plugins compatible for Editor in 10.57 ms, found 3 plugins.
Native extension for WindowsStandalone target not found
Mono: successfully reloaded assembly
- Finished resetting the current domain, in  2.314 seconds
Domain Reload Profiling:
	ReloadAssembly (496ms)
		BeginReloadAssembly (306ms)
			ExecutionOrderSort (0ms)
			DisableScriptedObjects (16ms)
			BackupInstance (0ms)
			ReleaseScriptingObjects (0ms)
			CreateAndSetChildDomain (74ms)
		LoadAllAssembliesAndSetupDomain (1086ms)
			LoadAssemblies (530ms)
			RebuildTransferFunctionScriptingTraits (0ms)
			SetupTypeCache (691ms)
				TypeCache.Initialize (676ms)
					TypeCache.ScanAssembly (662ms)
				ResolveRequiredComponents (15ms)
		FinalizeReload (0ms)
			ReleaseScriptCaches (0ms)
			RebuildScriptCaches (0ms)
			SetupLoadedEditorAssemblies (933ms)
				LogAssemblyErrors (0ms)
				InitializePlatformSupportModulesInManaged (22ms)
				SetLoadedEditorAssemblies (15ms)
				RefreshPlugins (0ms)
				BeforeProcessingInitializeOnLoad (171ms)
				ProcessInitializeOnLoadAttributes (630ms)
				ProcessInitializeOnLoadMethodAttributes (72ms)
				AfterProcessingInitializeOnLoad (23ms)
				EditorAssembliesLoaded (0ms)
			ExecutionOrderSort2 (0ms)
			AwakeInstancesAfterBackupRestoration (23ms)
Refreshing native plugins compatible for Editor in 10.60 ms, found 3 plugins.
Preloading 0 native plugins for Editor in 0.00 ms.
Unloading 3548 Unused Serialized files (Serialized files now loaded: 0)
Unloading 55 unused Assets / (2.9 MB). Loaded Objects now: 4108.
Memory consumption went from 133.0 MB to 130.1 MB.
Total: 12.284900 ms (FindLiveObjects: 0.635900 ms CreateObjectMapping: 1.010700 ms MarkObjects: 7.594400 ms  DeleteObjects: 3.041200 ms)

Prepare: number of updated asset objects reloaded= 0
AssetImportParameters requested are different than current active one (requested -> active):
  custom:container-demuxer-ogg: 62fdf1f143b41e24485cea50d1cbac27 -> 
  custom:video-decoder-ogg-theora: a1e56fd34408186e4bbccfd4996cb3dc -> 
  custom:framework-win-MediaFoundation: 216162199b28c13a410421893ffa2e32 -> 
  custom:container-demuxer-webm: 4f35f7cbe854078d1ac9338744f61a02 -> 
  custom:container-muxer-webm: aa71ff27fc2769a1b78a27578f13a17b -> 
  custom:video-decoder-webm-vp8: 9c59270c3fd7afecdb556c50c9e8de78 -> 
  custom:AudioImporter_EditorPlatform: d09bf68614088b80899f8185d706f6e7 -> 
  custom:video-encoder-webm-vp8: eb34c28f22e8b96e1ab97ce403110664 -> 
  custom:audio-decoder-ogg-vorbis: bf7c407c2cedff20999df2af8eb42d56 -> 
  custom:audio-encoder-webm-vorbis: bf7c407c2cedff20999df2af8eb42d56 -> 
========================================================================
Received Prepare
Begin MonoManager ReloadAssembly
Symbol file LoadedFromMemory doesn't match image C:\Users\werda\OneDrive\Área de Trabalho\4Dream-Unity\Pesadelo-Oculto\Library\PackageCache\com.unity.visualscripting@1.8.0\Editor\VisualScripting.Core\Dependencies\YamlDotNet\Unity.VisualScripting.YamlDotNet.dll
Symbol file LoadedFromMemory doesn't match image C:\Users\werda\OneDrive\Área de Trabalho\4Dream-Unity\Pesadelo-Oculto\Library\PackageCache\com.unity.visualscripting@1.8.0\Editor\VisualScripting.Core\Dependencies\DotNetZip\Unity.VisualScripting.IonicZip.dll
- Loaded All Assemblies, in  1.554 seconds
Refreshing native plugins compatible for Editor in 7.85 ms, found 3 plugins.
Native extension for WindowsStandalone target not found
Mono: successfully reloaded assembly
- Finished resetting the current domain, in  2.188 seconds
Domain Reload Profiling:
	ReloadAssembly (485ms)
		BeginReloadAssembly (309ms)
			ExecutionOrderSort (0ms)
			DisableScriptedObjects (13ms)
			BackupInstance (0ms)
			ReleaseScriptingObjects (0ms)
			CreateAndSetChildDomain (72ms)
		LoadAllAssembliesAndSetupDomain (1060ms)
			LoadAssemblies (525ms)
			RebuildTransferFunctionScriptingTraits (0ms)
			SetupTypeCache (675ms)
				TypeCache.Initialize (665ms)
					TypeCache.ScanAssembly (650ms)
				ResolveRequiredComponents (10ms)
		FinalizeReload (0ms)
			ReleaseScriptCaches (0ms)
			RebuildScriptCaches (0ms)
			SetupLoadedEditorAssemblies (885ms)
				LogAssemblyErrors (0ms)
				InitializePlatformSupportModulesInManaged (13ms)
				SetLoadedEditorAssemblies (5ms)
				RefreshPlugins (0ms)
				BeforeProcessingInitializeOnLoad (153ms)
				ProcessInitializeOnLoadAttributes (628ms)
				ProcessInitializeOnLoadMethodAttributes (67ms)
				AfterProcessingInitializeOnLoad (18ms)
				EditorAssembliesLoaded (0ms)
			ExecutionOrderSort2 (0ms)
			AwakeInstancesAfterBackupRestoration (18ms)
Refreshing native plugins compatible for Editor in 7.55 ms, found 3 plugins.
Preloading 0 native plugins for Editor in 0.00 ms.
Unloading 3548 Unused Serialized files (Serialized files now loaded: 0)
Unloading 55 unused Assets / (3.0 MB). Loaded Objects now: 4111.
Memory consumption went from 133.1 MB to 130.1 MB.
Total: 9.227800 ms (FindLiveObjects: 0.519000 ms CreateObjectMapping: 0.214800 ms MarkObjects: 5.867400 ms  DeleteObjects: 2.624000 ms)

Prepare: number of updated asset objects reloaded= 0
AssetImportParameters requested are different than current active one (requested -> active):
  custom:container-demuxer-ogg: 62fdf1f143b41e24485cea50d1cbac27 -> 
  custom:video-decoder-ogg-theora: a1e56fd34408186e4bbccfd4996cb3dc -> 
  custom:framework-win-MediaFoundation: 216162199b28c13a410421893ffa2e32 -> 
  custom:container-demuxer-webm: 4f35f7cbe854078d1ac9338744f61a02 -> 
  custom:container-muxer-webm: aa71ff27fc2769a1b78a27578f13a17b -> 
  custom:video-decoder-webm-vp8: 9c59270c3fd7afecdb556c50c9e8de78 -> 
  custom:AudioImporter_EditorPlatform: d09bf68614088b80899f8185d706f6e7 -> 
  custom:video-encoder-webm-vp8: eb34c28f22e8b96e1ab97ce403110664 -> 
  custom:audio-decoder-ogg-vorbis: bf7c407c2cedff20999df2af8eb42d56 -> 
  custom:audio-encoder-webm-vorbis: bf7c407c2cedff20999df2af8eb42d56 -> 
========================================================================
Received Prepare
Begin MonoManager ReloadAssembly
Symbol file LoadedFromMemory doesn't match image C:\Users\werda\OneDrive\Área de Trabalho\4Dream-Unity\Pesadelo-Oculto\Library\PackageCache\com.unity.visualscripting@1.8.0\Editor\VisualScripting.Core\Dependencies\YamlDotNet\Unity.VisualScripting.YamlDotNet.dll
Symbol file LoadedFromMemory doesn't match image C:\Users\werda\OneDrive\Área de Trabalho\4Dream-Unity\Pesadelo-Oculto\Library\PackageCache\com.unity.visualscripting@1.8.0\Editor\VisualScripting.Core\Dependencies\DotNetZip\Unity.VisualScripting.IonicZip.dll
- Loaded All Assemblies, in  1.557 seconds
Refreshing native plugins compatible for Editor in 9.40 ms, found 3 plugins.
Native extension for WindowsStandalone target not found
Mono: successfully reloaded assembly
- Finished resetting the current domain, in  2.258 seconds
Domain Reload Profiling:
	ReloadAssembly (508ms)
		BeginReloadAssembly (303ms)
			ExecutionOrderSort (0ms)
			DisableScriptedObjects (14ms)
			BackupInstance (0ms)
			ReleaseScriptingObjects (0ms)
			CreateAndSetChildDomain (76ms)
		LoadAllAssembliesAndSetupDomain (1040ms)
			LoadAssemblies (534ms)
			RebuildTransferFunctionScriptingTraits (0ms)
			SetupTypeCache (620ms)
				TypeCache.Initialize (611ms)
					TypeCache.ScanAssembly (595ms)
				ResolveRequiredComponents (9ms)
		FinalizeReload (0ms)
			ReleaseScriptCaches (0ms)
			RebuildScriptCaches (0ms)
			SetupLoadedEditorAssemblies (948ms)
				LogAssemblyErrors (0ms)
				InitializePlatformSupportModulesInManaged (15ms)
				SetLoadedEditorAssemblies (7ms)
				RefreshPlugins (0ms)
				BeforeProcessingInitializeOnLoad (164ms)
				ProcessInitializeOnLoadAttributes (688ms)
				ProcessInitializeOnLoadMethodAttributes (52ms)
				AfterProcessingInitializeOnLoad (21ms)
				EditorAssembliesLoaded (0ms)
			ExecutionOrderSort2 (0ms)
			AwakeInstancesAfterBackupRestoration (15ms)
Refreshing native plugins compatible for Editor in 6.51 ms, found 3 plugins.
Preloading 0 native plugins for Editor in 0.00 ms.
Unloading 3548 Unused Serialized files (Serialized files now loaded: 0)
Unloading 55 unused Assets / (3.0 MB). Loaded Objects now: 4114.
Memory consumption went from 133.2 MB to 130.1 MB.
Total: 8.740900 ms (FindLiveObjects: 0.509900 ms CreateObjectMapping: 0.234700 ms MarkObjects: 5.396600 ms  DeleteObjects: 2.597900 ms)

Prepare: number of updated asset objects reloaded= 0
AssetImportParameters requested are different than current active one (requested -> active):
  custom:container-demuxer-ogg: 62fdf1f143b41e24485cea50d1cbac27 -> 
  custom:video-decoder-ogg-theora: a1e56fd34408186e4bbccfd4996cb3dc -> 
  custom:framework-win-MediaFoundation: 216162199b28c13a410421893ffa2e32 -> 
  custom:container-demuxer-webm: 4f35f7cbe854078d1ac9338744f61a02 -> 
  custom:container-muxer-webm: aa71ff27fc2769a1b78a27578f13a17b -> 
  custom:video-decoder-webm-vp8: 9c59270c3fd7afecdb556c50c9e8de78 -> 
  custom:AudioImporter_EditorPlatform: d09bf68614088b80899f8185d706f6e7 -> 
  custom:video-encoder-webm-vp8: eb34c28f22e8b96e1ab97ce403110664 -> 
  custom:audio-decoder-ogg-vorbis: bf7c407c2cedff20999df2af8eb42d56 -> 
  custom:audio-encoder-webm-vorbis: bf7c407c2cedff20999df2af8eb42d56 -> 
